{"/Users/dentant/Desktop/quant.term/src/stores/alertStore.ts": {"path":"/Users/dentant/Desktop/quant.term/src/stores/alertStore.ts","statementMap":{"0":{"start":{"line":19,"column":4},"end":{"line":19,"column":null}},"1":{"start":{"line":20,"column":4},"end":{"line":20,"column":null}},"2":{"start":{"line":23,"column":19},"end":{"line":23,"column":null}},"3":{"start":{"line":24,"column":32},"end":{"line":29,"column":null}},"4":{"start":{"line":30,"column":8},"end":{"line":30,"column":null}},"5":{"start":{"line":31,"column":8},"end":{"line":31,"column":null}},"6":{"start":{"line":35,"column":8},"end":{"line":35,"column":null}},"7":{"start":{"line":35,"column":46},"end":{"line":35,"column":57}},"8":{"start":{"line":39,"column":22},"end":{"line":39,"column":null}},"9":{"start":{"line":39,"column":44},"end":{"line":39,"column":55}},"10":{"start":{"line":40,"column":8},"end":{"line":42,"column":null}},"11":{"start":{"line":41,"column":12},"end":{"line":41,"column":null}},"12":{"start":{"line":46,"column":22},"end":{"line":46,"column":null}},"13":{"start":{"line":46,"column":44},"end":{"line":46,"column":55}},"14":{"start":{"line":47,"column":8},"end":{"line":49,"column":null}},"15":{"start":{"line":48,"column":12},"end":{"line":48,"column":null}},"16":{"start":{"line":53,"column":22},"end":{"line":53,"column":null}},"17":{"start":{"line":53,"column":44},"end":{"line":53,"column":55}},"18":{"start":{"line":54,"column":8},"end":{"line":78,"column":null}},"19":{"start":{"line":55,"column":12},"end":{"line":55,"column":null}},"20":{"start":{"line":56,"column":12},"end":{"line":56,"column":null}},"21":{"start":{"line":59,"column":12},"end":{"line":62,"column":null}},"22":{"start":{"line":65,"column":12},"end":{"line":72,"column":null}},"23":{"start":{"line":66,"column":16},"end":{"line":71,"column":null}},"24":{"start":{"line":67,"column":20},"end":{"line":70,"column":null}},"25":{"start":{"line":75,"column":12},"end":{"line":77,"column":null}},"26":{"start":{"line":76,"column":16},"end":{"line":76,"column":null}},"27":{"start":{"line":82,"column":8},"end":{"line":89,"column":null}},"28":{"start":{"line":83,"column":26},"end":{"line":83,"column":null}},"29":{"start":{"line":84,"column":12},"end":{"line":86,"column":null}},"30":{"start":{"line":88,"column":12},"end":{"line":88,"column":null}},"31":{"start":{"line":93,"column":39},"end":{"line":93,"column":null}},"32":{"start":{"line":95,"column":8},"end":{"line":154,"column":null}},"33":{"start":{"line":96,"column":12},"end":{"line":98,"column":null}},"34":{"start":{"line":97,"column":16},"end":{"line":97,"column":null}},"35":{"start":{"line":100,"column":32},"end":{"line":100,"column":null}},"36":{"start":{"line":102,"column":12},"end":{"line":148,"column":null}},"37":{"start":{"line":105,"column":20},"end":{"line":107,"column":null}},"38":{"start":{"line":106,"column":24},"end":{"line":106,"column":null}},"39":{"start":{"line":108,"column":20},"end":{"line":108,"column":null}},"40":{"start":{"line":110,"column":20},"end":{"line":115,"column":null}},"41":{"start":{"line":111,"column":47},"end":{"line":111,"column":null}},"42":{"start":{"line":112,"column":24},"end":{"line":114,"column":null}},"43":{"start":{"line":113,"column":28},"end":{"line":113,"column":null}},"44":{"start":{"line":116,"column":20},"end":{"line":116,"column":null}},"45":{"start":{"line":118,"column":20},"end":{"line":120,"column":null}},"46":{"start":{"line":119,"column":24},"end":{"line":119,"column":null}},"47":{"start":{"line":121,"column":20},"end":{"line":121,"column":null}},"48":{"start":{"line":124,"column":20},"end":{"line":126,"column":null}},"49":{"start":{"line":125,"column":24},"end":{"line":125,"column":null}},"50":{"start":{"line":127,"column":20},"end":{"line":127,"column":null}},"51":{"start":{"line":130,"column":20},"end":{"line":135,"column":null}},"52":{"start":{"line":131,"column":42},"end":{"line":131,"column":null}},"53":{"start":{"line":132,"column":24},"end":{"line":134,"column":null}},"54":{"start":{"line":133,"column":28},"end":{"line":133,"column":null}},"55":{"start":{"line":136,"column":20},"end":{"line":136,"column":null}},"56":{"start":{"line":139,"column":20},"end":{"line":144,"column":null}},"57":{"start":{"line":140,"column":42},"end":{"line":140,"column":null}},"58":{"start":{"line":141,"column":24},"end":{"line":143,"column":null}},"59":{"start":{"line":142,"column":28},"end":{"line":142,"column":null}},"60":{"start":{"line":145,"column":20},"end":{"line":145,"column":null}},"61":{"start":{"line":147,"column":20},"end":{"line":147,"column":null}},"62":{"start":{"line":150,"column":12},"end":{"line":153,"column":null}},"63":{"start":{"line":151,"column":16},"end":{"line":151,"column":null}},"64":{"start":{"line":152,"column":16},"end":{"line":152,"column":null}},"65":{"start":{"line":156,"column":8},"end":{"line":156,"column":null}},"66":{"start":{"line":160,"column":8},"end":{"line":169,"column":null}},"67":{"start":{"line":162,"column":16},"end":{"line":162,"column":null}},"68":{"start":{"line":164,"column":16},"end":{"line":164,"column":null}},"69":{"start":{"line":166,"column":16},"end":{"line":166,"column":null}},"70":{"start":{"line":168,"column":16},"end":{"line":168,"column":null}},"71":{"start":{"line":173,"column":8},"end":{"line":173,"column":null}},"72":{"start":{"line":177,"column":8},"end":{"line":177,"column":null}},"73":{"start":{"line":181,"column":8},"end":{"line":181,"column":null}},"74":{"start":{"line":185,"column":8},"end":{"line":185,"column":null}},"75":{"start":{"line":188,"column":8},"end":{"line":188,"column":null}},"76":{"start":{"line":192,"column":20},"end":{"line":192,"column":null}},"77":{"start":{"line":195,"column":6},"end":{"line":214,"column":null}},"78":{"start":{"line":197,"column":4},"end":{"line":203,"column":null}},"79":{"start":{"line":198,"column":8},"end":{"line":202,"column":null}},"80":{"start":{"line":199,"column":27},"end":{"line":199,"column":null}},"81":{"start":{"line":205,"column":4},"end":{"line":207,"column":null}},"82":{"start":{"line":206,"column":8},"end":{"line":206,"column":null}},"83":{"start":{"line":209,"column":4},"end":{"line":213,"column":null}},"84":{"start":{"line":210,"column":23},"end":{"line":210,"column":null}},"85":{"start":{"line":216,"column":13},"end":{"line":346,"column":null}},"86":{"start":{"line":218,"column":23},"end":{"line":328,"column":null}},"87":{"start":{"line":227,"column":27},"end":{"line":227,"column":null}},"88":{"start":{"line":228,"column":16},"end":{"line":228,"column":null}},"89":{"start":{"line":229,"column":16},"end":{"line":229,"column":null}},"90":{"start":{"line":233,"column":16},"end":{"line":233,"column":null}},"91":{"start":{"line":234,"column":16},"end":{"line":238,"column":null}},"92":{"start":{"line":236,"column":73},"end":{"line":236,"column":83}},"93":{"start":{"line":242,"column":16},"end":{"line":242,"column":null}},"94":{"start":{"line":243,"column":16},"end":{"line":243,"column":null}},"95":{"start":{"line":247,"column":16},"end":{"line":247,"column":null}},"96":{"start":{"line":248,"column":16},"end":{"line":248,"column":null}},"97":{"start":{"line":252,"column":16},"end":{"line":252,"column":null}},"98":{"start":{"line":253,"column":16},"end":{"line":258,"column":null}},"99":{"start":{"line":253,"column":30},"end":{"line":258,"column":18}},"100":{"start":{"line":262,"column":16},"end":{"line":262,"column":null}},"101":{"start":{"line":266,"column":16},"end":{"line":266,"column":null}},"102":{"start":{"line":267,"column":16},"end":{"line":267,"column":null}},"103":{"start":{"line":272,"column":37},"end":{"line":272,"column":null}},"104":{"start":{"line":273,"column":16},"end":{"line":279,"column":null}},"105":{"start":{"line":274,"column":20},"end":{"line":278,"column":null}},"106":{"start":{"line":274,"column":34},"end":{"line":278,"column":22}},"107":{"start":{"line":280,"column":16},"end":{"line":280,"column":null}},"108":{"start":{"line":285,"column":16},"end":{"line":285,"column":null}},"109":{"start":{"line":285,"column":48},"end":{"line":285,"column":67}},"110":{"start":{"line":289,"column":16},"end":{"line":289,"column":null}},"111":{"start":{"line":289,"column":48},"end":{"line":289,"column":73}},"112":{"start":{"line":297,"column":29},"end":{"line":297,"column":null}},"113":{"start":{"line":298,"column":16},"end":{"line":298,"column":null}},"114":{"start":{"line":299,"column":16},"end":{"line":299,"column":null}},"115":{"start":{"line":303,"column":16},"end":{"line":303,"column":null}},"116":{"start":{"line":304,"column":16},"end":{"line":304,"column":null}},"117":{"start":{"line":309,"column":16},"end":{"line":311,"column":null}},"118":{"start":{"line":310,"column":20},"end":{"line":310,"column":null}},"119":{"start":{"line":312,"column":16},"end":{"line":312,"column":null}},"120":{"start":{"line":316,"column":16},"end":{"line":326,"column":null}},"121":{"start":{"line":318,"column":20},"end":{"line":325,"column":null}},"122":{"start":{"line":332,"column":36},"end":{"line":337,"column":null}},"123":{"start":{"line":333,"column":47},"end":{"line":336,"column":18}},"124":{"start":{"line":338,"column":38},"end":{"line":343,"column":null}},"125":{"start":{"line":339,"column":16},"end":{"line":342,"column":null}},"126":{"start":{"line":341,"column":20},"end":{"line":341,"column":null}}},"fnMap":{"0":{"name":"(anonymous_0)","decl":{"start":{"line":18,"column":0},"end":{"line":18,"column":6}},"loc":{"start":{"line":18,"column":0},"end":{"line":20,"column":null}},"line":18},"1":{"name":"(anonymous_1)","decl":{"start":{"line":22,"column":4},"end":{"line":22,"column":13}},"loc":{"start":{"line":22,"column":75},"end":{"line":32,"column":null}},"line":22},"2":{"name":"(anonymous_2)","decl":{"start":{"line":34,"column":4},"end":{"line":34,"column":16}},"loc":{"start":{"line":34,"column":34},"end":{"line":36,"column":null}},"line":34},"3":{"name":"(anonymous_3)","decl":{"start":{"line":35,"column":41},"end":{"line":35,"column":46}},"loc":{"start":{"line":35,"column":46},"end":{"line":35,"column":57}},"line":35},"4":{"name":"(anonymous_4)","decl":{"start":{"line":38,"column":4},"end":{"line":38,"column":16}},"loc":{"start":{"line":38,"column":34},"end":{"line":43,"column":null}},"line":38},"5":{"name":"(anonymous_5)","decl":{"start":{"line":39,"column":39},"end":{"line":39,"column":44}},"loc":{"start":{"line":39,"column":44},"end":{"line":39,"column":55}},"line":39},"6":{"name":"(anonymous_6)","decl":{"start":{"line":45,"column":4},"end":{"line":45,"column":16}},"loc":{"start":{"line":45,"column":59},"end":{"line":50,"column":null}},"line":45},"7":{"name":"(anonymous_7)","decl":{"start":{"line":46,"column":39},"end":{"line":46,"column":44}},"loc":{"start":{"line":46,"column":44},"end":{"line":46,"column":55}},"line":46},"8":{"name":"(anonymous_8)","decl":{"start":{"line":52,"column":4},"end":{"line":52,"column":17}},"loc":{"start":{"line":52,"column":35},"end":{"line":79,"column":null}},"line":52},"9":{"name":"(anonymous_9)","decl":{"start":{"line":53,"column":39},"end":{"line":53,"column":44}},"loc":{"start":{"line":53,"column":44},"end":{"line":53,"column":55}},"line":53},"10":{"name":"(anonymous_10)","decl":{"start":{"line":81,"column":12},"end":{"line":81,"column":35}},"loc":{"start":{"line":81,"column":35},"end":{"line":90,"column":null}},"line":81},"11":{"name":"(anonymous_11)","decl":{"start":{"line":84,"column":31},"end":{"line":84,"column":37}},"loc":{"start":{"line":84,"column":37},"end":{"line":86,"column":13}},"line":84},"12":{"name":"(anonymous_12)","decl":{"start":{"line":92,"column":4},"end":{"line":92,"column":16}},"loc":{"start":{"line":92,"column":178},"end":{"line":157,"column":null}},"line":92},"13":{"name":"(anonymous_13)","decl":{"start":{"line":95,"column":28},"end":{"line":95,"column":37}},"loc":{"start":{"line":95,"column":37},"end":{"line":154,"column":9}},"line":95},"14":{"name":"(anonymous_14)","decl":{"start":{"line":159,"column":12},"end":{"line":159,"column":32}},"loc":{"start":{"line":159,"column":104},"end":{"line":170,"column":null}},"line":159},"15":{"name":"(anonymous_15)","decl":{"start":{"line":172,"column":4},"end":{"line":172,"column":25}},"loc":{"start":{"line":172,"column":25},"end":{"line":174,"column":null}},"line":172},"16":{"name":"(anonymous_16)","decl":{"start":{"line":176,"column":4},"end":{"line":176,"column":57}},"loc":{"start":{"line":176,"column":57},"end":{"line":178,"column":null}},"line":176},"17":{"name":"(anonymous_17)","decl":{"start":{"line":180,"column":4},"end":{"line":180,"column":25}},"loc":{"start":{"line":180,"column":25},"end":{"line":182,"column":null}},"line":180},"18":{"name":"(anonymous_18)","decl":{"start":{"line":184,"column":4},"end":{"line":184,"column":14}},"loc":{"start":{"line":184,"column":37},"end":{"line":186,"column":null}},"line":184},"19":{"name":"(anonymous_19)","decl":{"start":{"line":187,"column":4},"end":{"line":187,"column":24}},"loc":{"start":{"line":187,"column":24},"end":{"line":189,"column":null}},"line":187},"20":{"name":"(anonymous_20)","decl":{"start":{"line":195,"column":39},"end":{"line":195,"column":45}},"loc":{"start":{"line":195,"column":45},"end":{"line":214,"column":1}},"line":195},"21":{"name":"(anonymous_21)","decl":{"start":{"line":199,"column":21},"end":{"line":199,"column":27}},"loc":{"start":{"line":199,"column":27},"end":{"line":199,"column":null}},"line":199},"22":{"name":"(anonymous_22)","decl":{"start":{"line":200,"column":21},"end":{"line":200,"column":27}},"loc":{"start":{"line":200,"column":27},"end":{"line":200,"column":null}},"line":200},"23":{"name":"(anonymous_23)","decl":{"start":{"line":201,"column":24},"end":{"line":201,"column":30}},"loc":{"start":{"line":201,"column":30},"end":{"line":201,"column":null}},"line":201},"24":{"name":"(anonymous_24)","decl":{"start":{"line":210,"column":17},"end":{"line":210,"column":23}},"loc":{"start":{"line":210,"column":23},"end":{"line":210,"column":null}},"line":210},"25":{"name":"(anonymous_25)","decl":{"start":{"line":211,"column":17},"end":{"line":211,"column":23}},"loc":{"start":{"line":211,"column":23},"end":{"line":211,"column":null}},"line":211},"26":{"name":"(anonymous_26)","decl":{"start":{"line":212,"column":20},"end":{"line":212,"column":26}},"loc":{"start":{"line":212,"column":26},"end":{"line":212,"column":null}},"line":212},"27":{"name":"(anonymous_27)","decl":{"start":{"line":218,"column":8},"end":{"line":218,"column":9}},"loc":{"start":{"line":218,"column":23},"end":{"line":328,"column":null}},"line":218},"28":{"name":"(anonymous_28)","decl":{"start":{"line":226,"column":22},"end":{"line":226,"column":23}},"loc":{"start":{"line":226,"column":80},"end":{"line":230,"column":null}},"line":226},"29":{"name":"(anonymous_29)","decl":{"start":{"line":232,"column":25},"end":{"line":232,"column":26}},"loc":{"start":{"line":232,"column":41},"end":{"line":239,"column":null}},"line":232},"30":{"name":"(anonymous_30)","decl":{"start":{"line":236,"column":66},"end":{"line":236,"column":73}},"loc":{"start":{"line":236,"column":73},"end":{"line":236,"column":83}},"line":236},"31":{"name":"(anonymous_31)","decl":{"start":{"line":241,"column":25},"end":{"line":241,"column":26}},"loc":{"start":{"line":241,"column":41},"end":{"line":244,"column":null}},"line":241},"32":{"name":"(anonymous_32)","decl":{"start":{"line":246,"column":25},"end":{"line":246,"column":26}},"loc":{"start":{"line":246,"column":66},"end":{"line":249,"column":null}},"line":246},"33":{"name":"(anonymous_33)","decl":{"start":{"line":251,"column":26},"end":{"line":251,"column":27}},"loc":{"start":{"line":251,"column":42},"end":{"line":259,"column":null}},"line":251},"34":{"name":"(anonymous_34)","decl":{"start":{"line":253,"column":20},"end":{"line":253,"column":30}},"loc":{"start":{"line":253,"column":30},"end":{"line":258,"column":18}},"line":253},"35":{"name":"(anonymous_35)","decl":{"start":{"line":261,"column":34},"end":{"line":261,"column":40}},"loc":{"start":{"line":261,"column":40},"end":{"line":263,"column":null}},"line":261},"36":{"name":"(anonymous_36)","decl":{"start":{"line":265,"column":25},"end":{"line":265,"column":31}},"loc":{"start":{"line":265,"column":31},"end":{"line":268,"column":null}},"line":265},"37":{"name":"(anonymous_37)","decl":{"start":{"line":271,"column":25},"end":{"line":271,"column":26}},"loc":{"start":{"line":271,"column":181},"end":{"line":281,"column":null}},"line":271},"38":{"name":"(anonymous_38)","decl":{"start":{"line":274,"column":24},"end":{"line":274,"column":34}},"loc":{"start":{"line":274,"column":34},"end":{"line":278,"column":22}},"line":274},"39":{"name":"(anonymous_39)","decl":{"start":{"line":284,"column":31},"end":{"line":284,"column":32}},"loc":{"start":{"line":284,"column":60},"end":{"line":286,"column":null}},"line":284},"40":{"name":"(anonymous_40)","decl":{"start":{"line":285,"column":43},"end":{"line":285,"column":48}},"loc":{"start":{"line":285,"column":48},"end":{"line":285,"column":67}},"line":285},"41":{"name":"(anonymous_41)","decl":{"start":{"line":288,"column":29},"end":{"line":288,"column":44}},"loc":{"start":{"line":288,"column":44},"end":{"line":290,"column":null}},"line":288},"42":{"name":"(anonymous_42)","decl":{"start":{"line":289,"column":43},"end":{"line":289,"column":48}},"loc":{"start":{"line":289,"column":48},"end":{"line":289,"column":73}},"line":289},"43":{"name":"(anonymous_43)","decl":{"start":{"line":296,"column":24},"end":{"line":296,"column":70}},"loc":{"start":{"line":296,"column":70},"end":{"line":300,"column":null}},"line":296},"44":{"name":"(anonymous_44)","decl":{"start":{"line":302,"column":26},"end":{"line":302,"column":32}},"loc":{"start":{"line":302,"column":32},"end":{"line":305,"column":null}},"line":302},"45":{"name":"(anonymous_45)","decl":{"start":{"line":308,"column":43},"end":{"line":308,"column":72}},"loc":{"start":{"line":308,"column":72},"end":{"line":313,"column":null}},"line":308},"46":{"name":"(anonymous_46)","decl":{"start":{"line":314,"column":35},"end":{"line":314,"column":36}},"loc":{"start":{"line":314,"column":56},"end":{"line":327,"column":null}},"line":314},"47":{"name":"(anonymous_47)","decl":{"start":{"line":332,"column":24},"end":{"line":332,"column":25}},"loc":{"start":{"line":332,"column":36},"end":{"line":337,"column":null}},"line":332},"48":{"name":"(anonymous_48)","decl":{"start":{"line":333,"column":41},"end":{"line":333,"column":47}},"loc":{"start":{"line":333,"column":47},"end":{"line":336,"column":18}},"line":333},"49":{"name":"(anonymous_49)","decl":{"start":{"line":338,"column":32},"end":{"line":338,"column":38}},"loc":{"start":{"line":338,"column":38},"end":{"line":343,"column":null}},"line":338},"50":{"name":"(anonymous_50)","decl":{"start":{"line":338,"column":38},"end":{"line":338,"column":39}},"loc":{"start":{"line":338,"column":49},"end":{"line":343,"column":null}},"line":338}},"branchMap":{"0":{"loc":{"start":{"line":40,"column":8},"end":{"line":42,"column":null}},"type":"if","locations":[{"start":{"line":40,"column":8},"end":{"line":42,"column":null}},{"start":{},"end":{}}],"line":40},"1":{"loc":{"start":{"line":47,"column":8},"end":{"line":49,"column":null}},"type":"if","locations":[{"start":{"line":47,"column":8},"end":{"line":49,"column":null}},{"start":{},"end":{}}],"line":47},"2":{"loc":{"start":{"line":54,"column":8},"end":{"line":78,"column":null}},"type":"if","locations":[{"start":{"line":54,"column":8},"end":{"line":78,"column":null}},{"start":{},"end":{}}],"line":54},"3":{"loc":{"start":{"line":54,"column":12},"end":{"line":54,"column":56}},"type":"binary-expr","locations":[{"start":{"line":54,"column":12},"end":{"line":54,"column":21}},{"start":{"line":54,"column":21},"end":{"line":54,"column":38}},{"start":{"line":54,"column":38},"end":{"line":54,"column":56}}],"line":54},"4":{"loc":{"start":{"line":65,"column":12},"end":{"line":72,"column":null}},"type":"if","locations":[{"start":{"line":65,"column":12},"end":{"line":72,"column":null}},{"start":{},"end":{}}],"line":65},"5":{"loc":{"start":{"line":65,"column":16},"end":{"line":65,"column":71}},"type":"binary-expr","locations":[{"start":{"line":65,"column":16},"end":{"line":65,"column":45}},{"start":{"line":65,"column":45},"end":{"line":65,"column":71}}],"line":65},"6":{"loc":{"start":{"line":66,"column":16},"end":{"line":71,"column":null}},"type":"if","locations":[{"start":{"line":66,"column":16},"end":{"line":71,"column":null}},{"start":{},"end":{}}],"line":66},"7":{"loc":{"start":{"line":75,"column":12},"end":{"line":77,"column":null}},"type":"if","locations":[{"start":{"line":75,"column":12},"end":{"line":77,"column":null}},{"start":{},"end":{}}],"line":75},"8":{"loc":{"start":{"line":96,"column":12},"end":{"line":98,"column":null}},"type":"if","locations":[{"start":{"line":96,"column":12},"end":{"line":98,"column":null}},{"start":{},"end":{}}],"line":96},"9":{"loc":{"start":{"line":96,"column":16},"end":{"line":96,"column":78}},"type":"binary-expr","locations":[{"start":{"line":96,"column":16},"end":{"line":96,"column":34}},{"start":{"line":96,"column":34},"end":{"line":96,"column":53}},{"start":{"line":96,"column":53},"end":{"line":96,"column":78}}],"line":96},"10":{"loc":{"start":{"line":102,"column":12},"end":{"line":148,"column":null}},"type":"switch","locations":[{"start":{"line":103,"column":16},"end":{"line":108,"column":null}},{"start":{"line":109,"column":16},"end":{"line":116,"column":null}},{"start":{"line":117,"column":16},"end":{"line":121,"column":null}},{"start":{"line":122,"column":16},"end":{"line":127,"column":null}},{"start":{"line":128,"column":16},"end":{"line":136,"column":null}},{"start":{"line":137,"column":16},"end":{"line":145,"column":null}},{"start":{"line":146,"column":16},"end":{"line":147,"column":null}}],"line":102},"11":{"loc":{"start":{"line":105,"column":20},"end":{"line":107,"column":null}},"type":"if","locations":[{"start":{"line":105,"column":20},"end":{"line":107,"column":null}},{"start":{},"end":{}}],"line":105},"12":{"loc":{"start":{"line":110,"column":20},"end":{"line":115,"column":null}},"type":"if","locations":[{"start":{"line":110,"column":20},"end":{"line":115,"column":null}},{"start":{},"end":{}}],"line":110},"13":{"loc":{"start":{"line":110,"column":24},"end":{"line":110,"column":104}},"type":"binary-expr","locations":[{"start":{"line":110,"column":24},"end":{"line":110,"column":38}},{"start":{"line":110,"column":38},"end":{"line":110,"column":71}},{"start":{"line":110,"column":71},"end":{"line":110,"column":104}}],"line":110},"14":{"loc":{"start":{"line":112,"column":24},"end":{"line":114,"column":null}},"type":"if","locations":[{"start":{"line":112,"column":24},"end":{"line":114,"column":null}},{"start":{},"end":{}}],"line":112},"15":{"loc":{"start":{"line":118,"column":20},"end":{"line":120,"column":null}},"type":"if","locations":[{"start":{"line":118,"column":20},"end":{"line":120,"column":null}},{"start":{},"end":{}}],"line":118},"16":{"loc":{"start":{"line":118,"column":24},"end":{"line":118,"column":98}},"type":"binary-expr","locations":[{"start":{"line":118,"column":24},"end":{"line":118,"column":65}},{"start":{"line":118,"column":65},"end":{"line":118,"column":98}}],"line":118},"17":{"loc":{"start":{"line":124,"column":20},"end":{"line":126,"column":null}},"type":"if","locations":[{"start":{"line":124,"column":20},"end":{"line":126,"column":null}},{"start":{},"end":{}}],"line":124},"18":{"loc":{"start":{"line":124,"column":24},"end":{"line":124,"column":93}},"type":"binary-expr","locations":[{"start":{"line":124,"column":24},"end":{"line":124,"column":60}},{"start":{"line":124,"column":60},"end":{"line":124,"column":93}}],"line":124},"19":{"loc":{"start":{"line":130,"column":20},"end":{"line":135,"column":null}},"type":"if","locations":[{"start":{"line":130,"column":20},"end":{"line":135,"column":null}},{"start":{},"end":{}}],"line":130},"20":{"loc":{"start":{"line":130,"column":24},"end":{"line":130,"column":94}},"type":"binary-expr","locations":[{"start":{"line":130,"column":24},"end":{"line":130,"column":38}},{"start":{"line":130,"column":38},"end":{"line":130,"column":61}},{"start":{"line":130,"column":61},"end":{"line":130,"column":94}}],"line":130},"21":{"loc":{"start":{"line":132,"column":24},"end":{"line":134,"column":null}},"type":"if","locations":[{"start":{"line":132,"column":24},"end":{"line":134,"column":null}},{"start":{},"end":{}}],"line":132},"22":{"loc":{"start":{"line":139,"column":20},"end":{"line":144,"column":null}},"type":"if","locations":[{"start":{"line":139,"column":20},"end":{"line":144,"column":null}},{"start":{},"end":{}}],"line":139},"23":{"loc":{"start":{"line":139,"column":24},"end":{"line":139,"column":102}},"type":"binary-expr","locations":[{"start":{"line":139,"column":24},"end":{"line":139,"column":38}},{"start":{"line":139,"column":38},"end":{"line":139,"column":69}},{"start":{"line":139,"column":69},"end":{"line":139,"column":102}}],"line":139},"24":{"loc":{"start":{"line":141,"column":24},"end":{"line":143,"column":null}},"type":"if","locations":[{"start":{"line":141,"column":24},"end":{"line":143,"column":null}},{"start":{},"end":{}}],"line":141},"25":{"loc":{"start":{"line":150,"column":12},"end":{"line":153,"column":null}},"type":"if","locations":[{"start":{"line":150,"column":12},"end":{"line":153,"column":null}},{"start":{},"end":{}}],"line":150},"26":{"loc":{"start":{"line":160,"column":8},"end":{"line":169,"column":null}},"type":"switch","locations":[{"start":{"line":161,"column":12},"end":{"line":162,"column":null}},{"start":{"line":163,"column":12},"end":{"line":164,"column":null}},{"start":{"line":165,"column":12},"end":{"line":166,"column":null}},{"start":{"line":167,"column":12},"end":{"line":168,"column":null}}],"line":160},"27":{"loc":{"start":{"line":197,"column":4},"end":{"line":203,"column":null}},"type":"if","locations":[{"start":{"line":197,"column":4},"end":{"line":203,"column":null}},{"start":{},"end":{}}],"line":197},"28":{"loc":{"start":{"line":205,"column":4},"end":{"line":207,"column":null}},"type":"if","locations":[{"start":{"line":205,"column":4},"end":{"line":207,"column":null}},{"start":{},"end":{}}],"line":205},"29":{"loc":{"start":{"line":205,"column":8},"end":{"line":205,"column":62}},"type":"binary-expr","locations":[{"start":{"line":205,"column":8},"end":{"line":205,"column":41}},{"start":{"line":205,"column":41},"end":{"line":205,"column":62}}],"line":205},"30":{"loc":{"start":{"line":273,"column":16},"end":{"line":279,"column":null}},"type":"if","locations":[{"start":{"line":273,"column":16},"end":{"line":279,"column":null}},{"start":{},"end":{}}],"line":273},"31":{"loc":{"start":{"line":289,"column":48},"end":{"line":289,"column":73}},"type":"binary-expr","locations":[{"start":{"line":289,"column":48},"end":{"line":289,"column":61}},{"start":{"line":289,"column":61},"end":{"line":289,"column":73}}],"line":289},"32":{"loc":{"start":{"line":309,"column":16},"end":{"line":311,"column":null}},"type":"if","locations":[{"start":{"line":309,"column":16},"end":{"line":311,"column":null}},{"start":{},"end":{}}],"line":309},"33":{"loc":{"start":{"line":309,"column":20},"end":{"line":309,"column":91}},"type":"binary-expr","locations":[{"start":{"line":309,"column":20},"end":{"line":309,"column":59}},{"start":{"line":309,"column":59},"end":{"line":309,"column":91}}],"line":309},"34":{"loc":{"start":{"line":316,"column":16},"end":{"line":326,"column":null}},"type":"if","locations":[{"start":{"line":316,"column":16},"end":{"line":326,"column":null}},{"start":{},"end":{}}],"line":316},"35":{"loc":{"start":{"line":316,"column":20},"end":{"line":316,"column":59}},"type":"binary-expr","locations":[{"start":{"line":316,"column":20},"end":{"line":316,"column":41}},{"start":{"line":316,"column":41},"end":{"line":316,"column":59}}],"line":316},"36":{"loc":{"start":{"line":339,"column":16},"end":{"line":342,"column":null}},"type":"if","locations":[{"start":{"line":339,"column":16},"end":{"line":342,"column":null}},{"start":{},"end":{}}],"line":339}},"s":{"0":2,"1":2,"2":14,"3":14,"4":14,"5":14,"6":1,"7":1,"8":2,"9":2,"10":2,"11":2,"12":1,"13":1,"14":1,"15":1,"16":8,"17":8,"18":8,"19":8,"20":8,"21":8,"22":8,"23":0,"24":0,"25":8,"26":0,"27":0,"28":0,"29":0,"30":0,"31":10,"32":10,"33":10,"34":2,"35":8,"36":8,"37":4,"38":4,"39":4,"40":1,"41":1,"42":1,"43":1,"44":1,"45":1,"46":1,"47":1,"48":1,"49":1,"50":1,"51":1,"52":1,"53":1,"54":1,"55":1,"56":0,"57":0,"58":0,"59":0,"60":0,"61":0,"62":8,"63":7,"64":7,"65":10,"66":6,"67":6,"68":0,"69":0,"70":0,"71":26,"72":12,"73":16,"74":2,"75":15,"76":2,"77":2,"78":2,"79":2,"80":2,"81":0,"82":0,"83":0,"84":0,"85":2,"86":2,"87":14,"88":14,"89":14,"90":1,"91":1,"92":0,"93":2,"94":2,"95":1,"96":1,"97":1,"98":1,"99":1,"100":2,"101":15,"102":15,"103":10,"104":10,"105":7,"106":7,"107":10,"108":0,"109":0,"110":0,"111":0,"112":0,"113":0,"114":0,"115":16,"116":16,"117":1,"118":1,"119":0,"120":10,"121":10,"122":59,"123":28,"124":2,"125":2,"126":2},"f":{"0":2,"1":14,"2":1,"3":1,"4":2,"5":2,"6":1,"7":1,"8":8,"9":8,"10":0,"11":0,"12":10,"13":10,"14":6,"15":26,"16":12,"17":16,"18":2,"19":15,"20":2,"21":2,"22":59,"23":0,"24":0,"25":0,"26":0,"27":2,"28":14,"29":1,"30":0,"31":2,"32":1,"33":1,"34":1,"35":2,"36":15,"37":10,"38":7,"39":0,"40":0,"41":0,"42":0,"43":0,"44":16,"45":1,"46":10,"47":59,"48":28,"49":2,"50":2},"b":{"0":[2,0],"1":[1,0],"2":[8,0],"3":[8,8,8],"4":[0,8],"5":[8,0],"6":[0,0],"7":[0,8],"8":[2,8],"9":[10,9,8],"10":[8,1,1,1,1,0,0],"11":[4,0],"12":[1,0],"13":[1,1,1],"14":[1,0],"15":[1,0],"16":[1,1],"17":[1,0],"18":[1,1],"19":[1,0],"20":[1,1,1],"21":[1,0],"22":[0,0],"23":[0,0,0],"24":[0,0],"25":[7,1],"26":[6,0,0,0],"27":[2,0],"28":[0,0],"29":[0,0],"30":[7,3],"31":[0,0],"32":[1,0],"33":[1,1],"34":[10,0],"35":[10,10],"36":[2,0]},"meta":{"lastBranch":37,"lastFunction":51,"lastStatement":127,"seen":{"f:18:0:18:6":0,"s:19:4:19:Infinity":0,"s:20:4:20:Infinity":1,"f:22:4:22:13":1,"s:23:19:23:Infinity":2,"s:24:32:29:Infinity":3,"s:30:8:30:Infinity":4,"s:31:8:31:Infinity":5,"f:34:4:34:16":2,"s:35:8:35:Infinity":6,"f:35:41:35:46":3,"s:35:46:35:57":7,"f:38:4:38:16":4,"s:39:22:39:Infinity":8,"f:39:39:39:44":5,"s:39:44:39:55":9,"b:40:8:42:Infinity:undefined:undefined:undefined:undefined":0,"s:40:8:42:Infinity":10,"s:41:12:41:Infinity":11,"f:45:4:45:16":6,"s:46:22:46:Infinity":12,"f:46:39:46:44":7,"s:46:44:46:55":13,"b:47:8:49:Infinity:undefined:undefined:undefined:undefined":1,"s:47:8:49:Infinity":14,"s:48:12:48:Infinity":15,"f:52:4:52:17":8,"s:53:22:53:Infinity":16,"f:53:39:53:44":9,"s:53:44:53:55":17,"b:54:8:78:Infinity:undefined:undefined:undefined:undefined":2,"s:54:8:78:Infinity":18,"b:54:12:54:21:54:21:54:38:54:38:54:56":3,"s:55:12:55:Infinity":19,"s:56:12:56:Infinity":20,"s:59:12:62:Infinity":21,"b:65:12:72:Infinity:undefined:undefined:undefined:undefined":4,"s:65:12:72:Infinity":22,"b:65:16:65:45:65:45:65:71":5,"b:66:16:71:Infinity:undefined:undefined:undefined:undefined":6,"s:66:16:71:Infinity":23,"s:67:20:70:Infinity":24,"b:75:12:77:Infinity:undefined:undefined:undefined:undefined":7,"s:75:12:77:Infinity":25,"s:76:16:76:Infinity":26,"f:81:12:81:35":10,"s:82:8:89:Infinity":27,"s:83:26:83:Infinity":28,"s:84:12:86:Infinity":29,"f:84:31:84:37":11,"s:88:12:88:Infinity":30,"f:92:4:92:16":12,"s:93:39:93:Infinity":31,"s:95:8:154:Infinity":32,"f:95:28:95:37":13,"b:96:12:98:Infinity:undefined:undefined:undefined:undefined":8,"s:96:12:98:Infinity":33,"b:96:16:96:34:96:34:96:53:96:53:96:78":9,"s:97:16:97:Infinity":34,"s:100:32:100:Infinity":35,"b:103:16:108:Infinity:109:16:116:Infinity:117:16:121:Infinity:122:16:127:Infinity:128:16:136:Infinity:137:16:145:Infinity:146:16:147:Infinity":10,"s:102:12:148:Infinity":36,"b:105:20:107:Infinity:undefined:undefined:undefined:undefined":11,"s:105:20:107:Infinity":37,"s:106:24:106:Infinity":38,"s:108:20:108:Infinity":39,"b:110:20:115:Infinity:undefined:undefined:undefined:undefined":12,"s:110:20:115:Infinity":40,"b:110:24:110:38:110:38:110:71:110:71:110:104":13,"s:111:47:111:Infinity":41,"b:112:24:114:Infinity:undefined:undefined:undefined:undefined":14,"s:112:24:114:Infinity":42,"s:113:28:113:Infinity":43,"s:116:20:116:Infinity":44,"b:118:20:120:Infinity:undefined:undefined:undefined:undefined":15,"s:118:20:120:Infinity":45,"b:118:24:118:65:118:65:118:98":16,"s:119:24:119:Infinity":46,"s:121:20:121:Infinity":47,"b:124:20:126:Infinity:undefined:undefined:undefined:undefined":17,"s:124:20:126:Infinity":48,"b:124:24:124:60:124:60:124:93":18,"s:125:24:125:Infinity":49,"s:127:20:127:Infinity":50,"b:130:20:135:Infinity:undefined:undefined:undefined:undefined":19,"s:130:20:135:Infinity":51,"b:130:24:130:38:130:38:130:61:130:61:130:94":20,"s:131:42:131:Infinity":52,"b:132:24:134:Infinity:undefined:undefined:undefined:undefined":21,"s:132:24:134:Infinity":53,"s:133:28:133:Infinity":54,"s:136:20:136:Infinity":55,"b:139:20:144:Infinity:undefined:undefined:undefined:undefined":22,"s:139:20:144:Infinity":56,"b:139:24:139:38:139:38:139:69:139:69:139:102":23,"s:140:42:140:Infinity":57,"b:141:24:143:Infinity:undefined:undefined:undefined:undefined":24,"s:141:24:143:Infinity":58,"s:142:28:142:Infinity":59,"s:145:20:145:Infinity":60,"s:147:20:147:Infinity":61,"b:150:12:153:Infinity:undefined:undefined:undefined:undefined":25,"s:150:12:153:Infinity":62,"s:151:16:151:Infinity":63,"s:152:16:152:Infinity":64,"s:156:8:156:Infinity":65,"f:159:12:159:32":14,"b:161:12:162:Infinity:163:12:164:Infinity:165:12:166:Infinity:167:12:168:Infinity":26,"s:160:8:169:Infinity":66,"s:162:16:162:Infinity":67,"s:164:16:164:Infinity":68,"s:166:16:166:Infinity":69,"s:168:16:168:Infinity":70,"f:172:4:172:25":15,"s:173:8:173:Infinity":71,"f:176:4:176:57":16,"s:177:8:177:Infinity":72,"f:180:4:180:25":17,"s:181:8:181:Infinity":73,"f:184:4:184:14":18,"s:185:8:185:Infinity":74,"f:187:4:187:24":19,"s:188:8:188:Infinity":75,"s:192:20:192:Infinity":76,"s:195:6:214:Infinity":77,"f:195:39:195:45":20,"b:197:4:203:Infinity:undefined:undefined:undefined:undefined":27,"s:197:4:203:Infinity":78,"s:198:8:202:Infinity":79,"f:199:21:199:27":21,"s:199:27:199:Infinity":80,"f:200:21:200:27":22,"f:201:24:201:30":23,"b:205:4:207:Infinity:undefined:undefined:undefined:undefined":28,"s:205:4:207:Infinity":81,"b:205:8:205:41:205:41:205:62":29,"s:206:8:206:Infinity":82,"s:209:4:213:Infinity":83,"f:210:17:210:23":24,"s:210:23:210:Infinity":84,"f:211:17:211:23":25,"f:212:20:212:26":26,"s:216:13:346:Infinity":85,"f:218:8:218:9":27,"s:218:23:328:Infinity":86,"f:226:22:226:23":28,"s:227:27:227:Infinity":87,"s:228:16:228:Infinity":88,"s:229:16:229:Infinity":89,"f:232:25:232:26":29,"s:233:16:233:Infinity":90,"s:234:16:238:Infinity":91,"f:236:66:236:73":30,"s:236:73:236:83":92,"f:241:25:241:26":31,"s:242:16:242:Infinity":93,"s:243:16:243:Infinity":94,"f:246:25:246:26":32,"s:247:16:247:Infinity":95,"s:248:16:248:Infinity":96,"f:251:26:251:27":33,"s:252:16:252:Infinity":97,"s:253:16:258:Infinity":98,"f:253:20:253:30":34,"s:253:30:258:18":99,"f:261:34:261:40":35,"s:262:16:262:Infinity":100,"f:265:25:265:31":36,"s:266:16:266:Infinity":101,"s:267:16:267:Infinity":102,"f:271:25:271:26":37,"s:272:37:272:Infinity":103,"b:273:16:279:Infinity:undefined:undefined:undefined:undefined":30,"s:273:16:279:Infinity":104,"s:274:20:278:Infinity":105,"f:274:24:274:34":38,"s:274:34:278:22":106,"s:280:16:280:Infinity":107,"f:284:31:284:32":39,"s:285:16:285:Infinity":108,"f:285:43:285:48":40,"s:285:48:285:67":109,"f:288:29:288:44":41,"s:289:16:289:Infinity":110,"f:289:43:289:48":42,"s:289:48:289:73":111,"b:289:48:289:61:289:61:289:73":31,"f:296:24:296:70":43,"s:297:29:297:Infinity":112,"s:298:16:298:Infinity":113,"s:299:16:299:Infinity":114,"f:302:26:302:32":44,"s:303:16:303:Infinity":115,"s:304:16:304:Infinity":116,"f:308:43:308:72":45,"b:309:16:311:Infinity:undefined:undefined:undefined:undefined":32,"s:309:16:311:Infinity":117,"b:309:20:309:59:309:59:309:91":33,"s:310:20:310:Infinity":118,"s:312:16:312:Infinity":119,"f:314:35:314:36":46,"b:316:16:326:Infinity:undefined:undefined:undefined:undefined":34,"s:316:16:326:Infinity":120,"b:316:20:316:41:316:41:316:59":35,"s:318:20:325:Infinity":121,"f:332:24:332:25":47,"s:332:36:337:Infinity":122,"f:333:41:333:47":48,"s:333:47:336:18":123,"f:338:32:338:38":49,"s:338:38:343:Infinity":124,"f:338:38:338:39":50,"b:339:16:342:Infinity:undefined:undefined:undefined:undefined":36,"s:339:16:342:Infinity":125,"s:341:20:341:Infinity":126}}}
}
