{"/Users/dentant/Desktop/quant.term/src/stores/alertStore.ts": {"path":"/Users/dentant/Desktop/quant.term/src/stores/alertStore.ts","statementMap":{"0":{"start":{"line":19,"column":4},"end":{"line":19,"column":null}},"1":{"start":{"line":20,"column":4},"end":{"line":20,"column":null}},"2":{"start":{"line":23,"column":19},"end":{"line":23,"column":null}},"3":{"start":{"line":24,"column":32},"end":{"line":29,"column":null}},"4":{"start":{"line":30,"column":8},"end":{"line":30,"column":null}},"5":{"start":{"line":31,"column":8},"end":{"line":31,"column":null}},"6":{"start":{"line":35,"column":8},"end":{"line":35,"column":null}},"7":{"start":{"line":35,"column":46},"end":{"line":35,"column":57}},"8":{"start":{"line":39,"column":22},"end":{"line":39,"column":null}},"9":{"start":{"line":39,"column":44},"end":{"line":39,"column":55}},"10":{"start":{"line":40,"column":8},"end":{"line":42,"column":null}},"11":{"start":{"line":41,"column":12},"end":{"line":41,"column":null}},"12":{"start":{"line":46,"column":22},"end":{"line":46,"column":null}},"13":{"start":{"line":46,"column":44},"end":{"line":46,"column":55}},"14":{"start":{"line":47,"column":8},"end":{"line":49,"column":null}},"15":{"start":{"line":48,"column":12},"end":{"line":48,"column":null}},"16":{"start":{"line":53,"column":22},"end":{"line":53,"column":null}},"17":{"start":{"line":53,"column":44},"end":{"line":53,"column":55}},"18":{"start":{"line":54,"column":8},"end":{"line":78,"column":null}},"19":{"start":{"line":55,"column":12},"end":{"line":55,"column":null}},"20":{"start":{"line":56,"column":12},"end":{"line":56,"column":null}},"21":{"start":{"line":59,"column":12},"end":{"line":62,"column":null}},"22":{"start":{"line":65,"column":12},"end":{"line":72,"column":null}},"23":{"start":{"line":66,"column":16},"end":{"line":71,"column":null}},"24":{"start":{"line":67,"column":20},"end":{"line":70,"column":null}},"25":{"start":{"line":75,"column":12},"end":{"line":77,"column":null}},"26":{"start":{"line":76,"column":16},"end":{"line":76,"column":null}},"27":{"start":{"line":82,"column":8},"end":{"line":90,"column":null}},"28":{"start":{"line":83,"column":26},"end":{"line":84,"column":null}},"29":{"start":{"line":85,"column":12},"end":{"line":87,"column":null}},"30":{"start":{"line":89,"column":12},"end":{"line":89,"column":null}},"31":{"start":{"line":94,"column":39},"end":{"line":94,"column":null}},"32":{"start":{"line":96,"column":8},"end":{"line":126,"column":null}},"33":{"start":{"line":97,"column":12},"end":{"line":99,"column":null}},"34":{"start":{"line":98,"column":16},"end":{"line":98,"column":null}},"35":{"start":{"line":101,"column":32},"end":{"line":101,"column":null}},"36":{"start":{"line":103,"column":12},"end":{"line":120,"column":null}},"37":{"start":{"line":105,"column":20},"end":{"line":105,"column":null}},"38":{"start":{"line":106,"column":20},"end":{"line":106,"column":null}},"39":{"start":{"line":108,"column":20},"end":{"line":113,"column":null}},"40":{"start":{"line":109,"column":47},"end":{"line":109,"column":null}},"41":{"start":{"line":110,"column":24},"end":{"line":112,"column":null}},"42":{"start":{"line":111,"column":28},"end":{"line":111,"column":null}},"43":{"start":{"line":114,"column":20},"end":{"line":114,"column":null}},"44":{"start":{"line":117,"column":20},"end":{"line":117,"column":null}},"45":{"start":{"line":119,"column":20},"end":{"line":119,"column":null}},"46":{"start":{"line":122,"column":12},"end":{"line":125,"column":null}},"47":{"start":{"line":123,"column":16},"end":{"line":123,"column":null}},"48":{"start":{"line":124,"column":16},"end":{"line":124,"column":null}},"49":{"start":{"line":128,"column":8},"end":{"line":128,"column":null}},"50":{"start":{"line":132,"column":8},"end":{"line":141,"column":null}},"51":{"start":{"line":134,"column":16},"end":{"line":134,"column":null}},"52":{"start":{"line":136,"column":16},"end":{"line":136,"column":null}},"53":{"start":{"line":138,"column":16},"end":{"line":138,"column":null}},"54":{"start":{"line":140,"column":16},"end":{"line":140,"column":null}},"55":{"start":{"line":145,"column":8},"end":{"line":145,"column":null}},"56":{"start":{"line":149,"column":8},"end":{"line":149,"column":null}},"57":{"start":{"line":153,"column":8},"end":{"line":153,"column":null}},"58":{"start":{"line":157,"column":8},"end":{"line":157,"column":null}},"59":{"start":{"line":160,"column":8},"end":{"line":160,"column":null}},"60":{"start":{"line":164,"column":20},"end":{"line":164,"column":null}},"61":{"start":{"line":167,"column":6},"end":{"line":186,"column":null}},"62":{"start":{"line":169,"column":4},"end":{"line":175,"column":null}},"63":{"start":{"line":170,"column":8},"end":{"line":174,"column":null}},"64":{"start":{"line":171,"column":27},"end":{"line":171,"column":null}},"65":{"start":{"line":177,"column":4},"end":{"line":179,"column":null}},"66":{"start":{"line":178,"column":8},"end":{"line":178,"column":null}},"67":{"start":{"line":181,"column":4},"end":{"line":185,"column":null}},"68":{"start":{"line":182,"column":23},"end":{"line":182,"column":null}},"69":{"start":{"line":188,"column":13},"end":{"line":296,"column":null}},"70":{"start":{"line":190,"column":23},"end":{"line":278,"column":null}},"71":{"start":{"line":197,"column":27},"end":{"line":197,"column":null}},"72":{"start":{"line":198,"column":16},"end":{"line":198,"column":null}},"73":{"start":{"line":199,"column":16},"end":{"line":199,"column":null}},"74":{"start":{"line":203,"column":16},"end":{"line":203,"column":null}},"75":{"start":{"line":204,"column":16},"end":{"line":207,"column":null}},"76":{"start":{"line":206,"column":73},"end":{"line":206,"column":83}},"77":{"start":{"line":211,"column":16},"end":{"line":211,"column":null}},"78":{"start":{"line":212,"column":16},"end":{"line":212,"column":null}},"79":{"start":{"line":216,"column":16},"end":{"line":216,"column":null}},"80":{"start":{"line":217,"column":16},"end":{"line":217,"column":null}},"81":{"start":{"line":221,"column":16},"end":{"line":221,"column":null}},"82":{"start":{"line":222,"column":16},"end":{"line":226,"column":null}},"83":{"start":{"line":222,"column":30},"end":{"line":226,"column":18}},"84":{"start":{"line":230,"column":16},"end":{"line":230,"column":null}},"85":{"start":{"line":234,"column":16},"end":{"line":234,"column":null}},"86":{"start":{"line":235,"column":16},"end":{"line":235,"column":null}},"87":{"start":{"line":239,"column":37},"end":{"line":239,"column":null}},"88":{"start":{"line":240,"column":16},"end":{"line":245,"column":null}},"89":{"start":{"line":241,"column":20},"end":{"line":244,"column":null}},"90":{"start":{"line":241,"column":34},"end":{"line":244,"column":22}},"91":{"start":{"line":250,"column":16},"end":{"line":250,"column":null}},"92":{"start":{"line":250,"column":48},"end":{"line":250,"column":67}},"93":{"start":{"line":254,"column":16},"end":{"line":254,"column":null}},"94":{"start":{"line":254,"column":48},"end":{"line":254,"column":73}},"95":{"start":{"line":261,"column":16},"end":{"line":261,"column":null}},"96":{"start":{"line":265,"column":16},"end":{"line":265,"column":null}},"97":{"start":{"line":266,"column":16},"end":{"line":266,"column":null}},"98":{"start":{"line":271,"column":16},"end":{"line":276,"column":null}},"99":{"start":{"line":272,"column":20},"end":{"line":275,"column":null}},"100":{"start":{"line":282,"column":36},"end":{"line":287,"column":null}},"101":{"start":{"line":283,"column":47},"end":{"line":286,"column":18}},"102":{"start":{"line":288,"column":38},"end":{"line":293,"column":null}},"103":{"start":{"line":289,"column":16},"end":{"line":292,"column":null}},"104":{"start":{"line":291,"column":20},"end":{"line":291,"column":null}}},"fnMap":{"0":{"name":"(anonymous_0)","decl":{"start":{"line":18,"column":0},"end":{"line":18,"column":6}},"loc":{"start":{"line":18,"column":0},"end":{"line":20,"column":null}},"line":18},"1":{"name":"(anonymous_1)","decl":{"start":{"line":22,"column":4},"end":{"line":22,"column":13}},"loc":{"start":{"line":22,"column":75},"end":{"line":32,"column":null}},"line":22},"2":{"name":"(anonymous_2)","decl":{"start":{"line":34,"column":4},"end":{"line":34,"column":16}},"loc":{"start":{"line":34,"column":34},"end":{"line":36,"column":null}},"line":34},"3":{"name":"(anonymous_3)","decl":{"start":{"line":35,"column":41},"end":{"line":35,"column":46}},"loc":{"start":{"line":35,"column":46},"end":{"line":35,"column":57}},"line":35},"4":{"name":"(anonymous_4)","decl":{"start":{"line":38,"column":4},"end":{"line":38,"column":16}},"loc":{"start":{"line":38,"column":34},"end":{"line":43,"column":null}},"line":38},"5":{"name":"(anonymous_5)","decl":{"start":{"line":39,"column":39},"end":{"line":39,"column":44}},"loc":{"start":{"line":39,"column":44},"end":{"line":39,"column":55}},"line":39},"6":{"name":"(anonymous_6)","decl":{"start":{"line":45,"column":4},"end":{"line":45,"column":16}},"loc":{"start":{"line":45,"column":59},"end":{"line":50,"column":null}},"line":45},"7":{"name":"(anonymous_7)","decl":{"start":{"line":46,"column":39},"end":{"line":46,"column":44}},"loc":{"start":{"line":46,"column":44},"end":{"line":46,"column":55}},"line":46},"8":{"name":"(anonymous_8)","decl":{"start":{"line":52,"column":4},"end":{"line":52,"column":17}},"loc":{"start":{"line":52,"column":35},"end":{"line":79,"column":null}},"line":52},"9":{"name":"(anonymous_9)","decl":{"start":{"line":53,"column":39},"end":{"line":53,"column":44}},"loc":{"start":{"line":53,"column":44},"end":{"line":53,"column":55}},"line":53},"10":{"name":"(anonymous_10)","decl":{"start":{"line":81,"column":12},"end":{"line":81,"column":35}},"loc":{"start":{"line":81,"column":35},"end":{"line":91,"column":null}},"line":81},"11":{"name":"(anonymous_11)","decl":{"start":{"line":85,"column":31},"end":{"line":85,"column":37}},"loc":{"start":{"line":85,"column":37},"end":{"line":87,"column":13}},"line":85},"12":{"name":"(anonymous_12)","decl":{"start":{"line":93,"column":4},"end":{"line":93,"column":16}},"loc":{"start":{"line":93,"column":94},"end":{"line":129,"column":null}},"line":93},"13":{"name":"(anonymous_13)","decl":{"start":{"line":96,"column":28},"end":{"line":96,"column":37}},"loc":{"start":{"line":96,"column":37},"end":{"line":126,"column":9}},"line":96},"14":{"name":"(anonymous_14)","decl":{"start":{"line":131,"column":12},"end":{"line":131,"column":32}},"loc":{"start":{"line":131,"column":104},"end":{"line":142,"column":null}},"line":131},"15":{"name":"(anonymous_15)","decl":{"start":{"line":144,"column":4},"end":{"line":144,"column":25}},"loc":{"start":{"line":144,"column":25},"end":{"line":146,"column":null}},"line":144},"16":{"name":"(anonymous_16)","decl":{"start":{"line":148,"column":4},"end":{"line":148,"column":57}},"loc":{"start":{"line":148,"column":57},"end":{"line":150,"column":null}},"line":148},"17":{"name":"(anonymous_17)","decl":{"start":{"line":152,"column":4},"end":{"line":152,"column":25}},"loc":{"start":{"line":152,"column":25},"end":{"line":154,"column":null}},"line":152},"18":{"name":"(anonymous_18)","decl":{"start":{"line":156,"column":4},"end":{"line":156,"column":14}},"loc":{"start":{"line":156,"column":37},"end":{"line":158,"column":null}},"line":156},"19":{"name":"(anonymous_19)","decl":{"start":{"line":159,"column":4},"end":{"line":159,"column":24}},"loc":{"start":{"line":159,"column":24},"end":{"line":161,"column":null}},"line":159},"20":{"name":"(anonymous_20)","decl":{"start":{"line":167,"column":39},"end":{"line":167,"column":45}},"loc":{"start":{"line":167,"column":45},"end":{"line":186,"column":1}},"line":167},"21":{"name":"(anonymous_21)","decl":{"start":{"line":171,"column":21},"end":{"line":171,"column":27}},"loc":{"start":{"line":171,"column":27},"end":{"line":171,"column":null}},"line":171},"22":{"name":"(anonymous_22)","decl":{"start":{"line":172,"column":21},"end":{"line":172,"column":27}},"loc":{"start":{"line":172,"column":27},"end":{"line":172,"column":null}},"line":172},"23":{"name":"(anonymous_23)","decl":{"start":{"line":173,"column":24},"end":{"line":173,"column":30}},"loc":{"start":{"line":173,"column":30},"end":{"line":173,"column":null}},"line":173},"24":{"name":"(anonymous_24)","decl":{"start":{"line":182,"column":17},"end":{"line":182,"column":23}},"loc":{"start":{"line":182,"column":23},"end":{"line":182,"column":null}},"line":182},"25":{"name":"(anonymous_25)","decl":{"start":{"line":183,"column":17},"end":{"line":183,"column":23}},"loc":{"start":{"line":183,"column":23},"end":{"line":183,"column":null}},"line":183},"26":{"name":"(anonymous_26)","decl":{"start":{"line":184,"column":20},"end":{"line":184,"column":26}},"loc":{"start":{"line":184,"column":26},"end":{"line":184,"column":null}},"line":184},"27":{"name":"(anonymous_27)","decl":{"start":{"line":190,"column":8},"end":{"line":190,"column":9}},"loc":{"start":{"line":190,"column":23},"end":{"line":278,"column":null}},"line":190},"28":{"name":"(anonymous_28)","decl":{"start":{"line":196,"column":22},"end":{"line":196,"column":23}},"loc":{"start":{"line":196,"column":80},"end":{"line":200,"column":null}},"line":196},"29":{"name":"(anonymous_29)","decl":{"start":{"line":202,"column":25},"end":{"line":202,"column":26}},"loc":{"start":{"line":202,"column":41},"end":{"line":208,"column":null}},"line":202},"30":{"name":"(anonymous_30)","decl":{"start":{"line":206,"column":66},"end":{"line":206,"column":73}},"loc":{"start":{"line":206,"column":73},"end":{"line":206,"column":83}},"line":206},"31":{"name":"(anonymous_31)","decl":{"start":{"line":210,"column":25},"end":{"line":210,"column":26}},"loc":{"start":{"line":210,"column":41},"end":{"line":213,"column":null}},"line":210},"32":{"name":"(anonymous_32)","decl":{"start":{"line":215,"column":25},"end":{"line":215,"column":26}},"loc":{"start":{"line":215,"column":66},"end":{"line":218,"column":null}},"line":215},"33":{"name":"(anonymous_33)","decl":{"start":{"line":220,"column":26},"end":{"line":220,"column":27}},"loc":{"start":{"line":220,"column":42},"end":{"line":227,"column":null}},"line":220},"34":{"name":"(anonymous_34)","decl":{"start":{"line":222,"column":20},"end":{"line":222,"column":30}},"loc":{"start":{"line":222,"column":30},"end":{"line":226,"column":18}},"line":222},"35":{"name":"(anonymous_35)","decl":{"start":{"line":229,"column":34},"end":{"line":229,"column":40}},"loc":{"start":{"line":229,"column":40},"end":{"line":231,"column":null}},"line":229},"36":{"name":"(anonymous_36)","decl":{"start":{"line":233,"column":25},"end":{"line":233,"column":31}},"loc":{"start":{"line":233,"column":31},"end":{"line":236,"column":null}},"line":233},"37":{"name":"(anonymous_37)","decl":{"start":{"line":238,"column":25},"end":{"line":238,"column":26}},"loc":{"start":{"line":238,"column":97},"end":{"line":246,"column":null}},"line":238},"38":{"name":"(anonymous_38)","decl":{"start":{"line":241,"column":24},"end":{"line":241,"column":34}},"loc":{"start":{"line":241,"column":34},"end":{"line":244,"column":22}},"line":241},"39":{"name":"(anonymous_39)","decl":{"start":{"line":249,"column":31},"end":{"line":249,"column":32}},"loc":{"start":{"line":249,"column":60},"end":{"line":251,"column":null}},"line":249},"40":{"name":"(anonymous_40)","decl":{"start":{"line":250,"column":43},"end":{"line":250,"column":48}},"loc":{"start":{"line":250,"column":48},"end":{"line":250,"column":67}},"line":250},"41":{"name":"(anonymous_41)","decl":{"start":{"line":253,"column":29},"end":{"line":253,"column":44}},"loc":{"start":{"line":253,"column":44},"end":{"line":255,"column":null}},"line":253},"42":{"name":"(anonymous_42)","decl":{"start":{"line":254,"column":43},"end":{"line":254,"column":48}},"loc":{"start":{"line":254,"column":48},"end":{"line":254,"column":73}},"line":254},"43":{"name":"(anonymous_43)","decl":{"start":{"line":260,"column":24},"end":{"line":260,"column":70}},"loc":{"start":{"line":260,"column":70},"end":{"line":262,"column":null}},"line":260},"44":{"name":"(anonymous_44)","decl":{"start":{"line":264,"column":26},"end":{"line":264,"column":32}},"loc":{"start":{"line":264,"column":32},"end":{"line":267,"column":null}},"line":264},"45":{"name":"(anonymous_45)","decl":{"start":{"line":269,"column":35},"end":{"line":269,"column":36}},"loc":{"start":{"line":269,"column":56},"end":{"line":277,"column":null}},"line":269},"46":{"name":"(anonymous_46)","decl":{"start":{"line":282,"column":24},"end":{"line":282,"column":25}},"loc":{"start":{"line":282,"column":36},"end":{"line":287,"column":null}},"line":282},"47":{"name":"(anonymous_47)","decl":{"start":{"line":283,"column":41},"end":{"line":283,"column":47}},"loc":{"start":{"line":283,"column":47},"end":{"line":286,"column":18}},"line":283},"48":{"name":"(anonymous_48)","decl":{"start":{"line":288,"column":32},"end":{"line":288,"column":38}},"loc":{"start":{"line":288,"column":38},"end":{"line":293,"column":null}},"line":288},"49":{"name":"(anonymous_49)","decl":{"start":{"line":288,"column":38},"end":{"line":288,"column":39}},"loc":{"start":{"line":288,"column":49},"end":{"line":293,"column":null}},"line":288}},"branchMap":{"0":{"loc":{"start":{"line":40,"column":8},"end":{"line":42,"column":null}},"type":"if","locations":[{"start":{"line":40,"column":8},"end":{"line":42,"column":null}},{"start":{},"end":{}}],"line":40},"1":{"loc":{"start":{"line":47,"column":8},"end":{"line":49,"column":null}},"type":"if","locations":[{"start":{"line":47,"column":8},"end":{"line":49,"column":null}},{"start":{},"end":{}}],"line":47},"2":{"loc":{"start":{"line":54,"column":8},"end":{"line":78,"column":null}},"type":"if","locations":[{"start":{"line":54,"column":8},"end":{"line":78,"column":null}},{"start":{},"end":{}}],"line":54},"3":{"loc":{"start":{"line":54,"column":12},"end":{"line":54,"column":56}},"type":"binary-expr","locations":[{"start":{"line":54,"column":12},"end":{"line":54,"column":21}},{"start":{"line":54,"column":21},"end":{"line":54,"column":38}},{"start":{"line":54,"column":38},"end":{"line":54,"column":56}}],"line":54},"4":{"loc":{"start":{"line":65,"column":12},"end":{"line":72,"column":null}},"type":"if","locations":[{"start":{"line":65,"column":12},"end":{"line":72,"column":null}},{"start":{},"end":{}}],"line":65},"5":{"loc":{"start":{"line":65,"column":16},"end":{"line":65,"column":71}},"type":"binary-expr","locations":[{"start":{"line":65,"column":16},"end":{"line":65,"column":45}},{"start":{"line":65,"column":45},"end":{"line":65,"column":71}}],"line":65},"6":{"loc":{"start":{"line":66,"column":16},"end":{"line":71,"column":null}},"type":"if","locations":[{"start":{"line":66,"column":16},"end":{"line":71,"column":null}},{"start":{},"end":{}}],"line":66},"7":{"loc":{"start":{"line":75,"column":12},"end":{"line":77,"column":null}},"type":"if","locations":[{"start":{"line":75,"column":12},"end":{"line":77,"column":null}},{"start":{},"end":{}}],"line":75},"8":{"loc":{"start":{"line":97,"column":12},"end":{"line":99,"column":null}},"type":"if","locations":[{"start":{"line":97,"column":12},"end":{"line":99,"column":null}},{"start":{},"end":{}}],"line":97},"9":{"loc":{"start":{"line":97,"column":16},"end":{"line":97,"column":78}},"type":"binary-expr","locations":[{"start":{"line":97,"column":16},"end":{"line":97,"column":34}},{"start":{"line":97,"column":34},"end":{"line":97,"column":53}},{"start":{"line":97,"column":53},"end":{"line":97,"column":78}}],"line":97},"10":{"loc":{"start":{"line":103,"column":12},"end":{"line":120,"column":null}},"type":"switch","locations":[{"start":{"line":104,"column":16},"end":{"line":106,"column":null}},{"start":{"line":107,"column":16},"end":{"line":114,"column":null}},{"start":{"line":115,"column":16},"end":{"line":117,"column":null}},{"start":{"line":118,"column":16},"end":{"line":119,"column":null}}],"line":103},"11":{"loc":{"start":{"line":108,"column":20},"end":{"line":113,"column":null}},"type":"if","locations":[{"start":{"line":108,"column":20},"end":{"line":113,"column":null}},{"start":{},"end":{}}],"line":108},"12":{"loc":{"start":{"line":110,"column":24},"end":{"line":112,"column":null}},"type":"if","locations":[{"start":{"line":110,"column":24},"end":{"line":112,"column":null}},{"start":{},"end":{}}],"line":110},"13":{"loc":{"start":{"line":122,"column":12},"end":{"line":125,"column":null}},"type":"if","locations":[{"start":{"line":122,"column":12},"end":{"line":125,"column":null}},{"start":{},"end":{}}],"line":122},"14":{"loc":{"start":{"line":132,"column":8},"end":{"line":141,"column":null}},"type":"switch","locations":[{"start":{"line":133,"column":12},"end":{"line":134,"column":null}},{"start":{"line":135,"column":12},"end":{"line":136,"column":null}},{"start":{"line":137,"column":12},"end":{"line":138,"column":null}},{"start":{"line":139,"column":12},"end":{"line":140,"column":null}}],"line":132},"15":{"loc":{"start":{"line":169,"column":4},"end":{"line":175,"column":null}},"type":"if","locations":[{"start":{"line":169,"column":4},"end":{"line":175,"column":null}},{"start":{},"end":{}}],"line":169},"16":{"loc":{"start":{"line":177,"column":4},"end":{"line":179,"column":null}},"type":"if","locations":[{"start":{"line":177,"column":4},"end":{"line":179,"column":null}},{"start":{},"end":{}}],"line":177},"17":{"loc":{"start":{"line":177,"column":8},"end":{"line":177,"column":62}},"type":"binary-expr","locations":[{"start":{"line":177,"column":8},"end":{"line":177,"column":41}},{"start":{"line":177,"column":41},"end":{"line":177,"column":62}}],"line":177},"18":{"loc":{"start":{"line":240,"column":16},"end":{"line":245,"column":null}},"type":"if","locations":[{"start":{"line":240,"column":16},"end":{"line":245,"column":null}},{"start":{},"end":{}}],"line":240},"19":{"loc":{"start":{"line":254,"column":48},"end":{"line":254,"column":73}},"type":"binary-expr","locations":[{"start":{"line":254,"column":48},"end":{"line":254,"column":61}},{"start":{"line":254,"column":61},"end":{"line":254,"column":73}}],"line":254},"20":{"loc":{"start":{"line":271,"column":16},"end":{"line":276,"column":null}},"type":"if","locations":[{"start":{"line":271,"column":16},"end":{"line":276,"column":null}},{"start":{},"end":{}}],"line":271},"21":{"loc":{"start":{"line":271,"column":20},"end":{"line":271,"column":59}},"type":"binary-expr","locations":[{"start":{"line":271,"column":20},"end":{"line":271,"column":41}},{"start":{"line":271,"column":41},"end":{"line":271,"column":59}}],"line":271},"22":{"loc":{"start":{"line":289,"column":16},"end":{"line":292,"column":null}},"type":"if","locations":[{"start":{"line":289,"column":16},"end":{"line":292,"column":null}},{"start":{},"end":{}}],"line":289}},"s":{"0":1,"1":1,"2":2,"3":2,"4":2,"5":2,"6":0,"7":0,"8":0,"9":0,"10":0,"11":0,"12":0,"13":0,"14":0,"15":0,"16":1,"17":1,"18":1,"19":1,"20":1,"21":1,"22":1,"23":0,"24":0,"25":1,"26":0,"27":0,"28":0,"29":0,"30":0,"31":0,"32":0,"33":0,"34":0,"35":0,"36":0,"37":0,"38":0,"39":0,"40":0,"41":0,"42":0,"43":0,"44":0,"45":0,"46":0,"47":0,"48":0,"49":0,"50":0,"51":0,"52":0,"53":0,"54":0,"55":3,"56":2,"57":2,"58":1,"59":2,"60":1,"61":1,"62":1,"63":1,"64":1,"65":0,"66":0,"67":0,"68":0,"69":1,"70":1,"71":2,"72":2,"73":2,"74":0,"75":0,"76":0,"77":0,"78":0,"79":0,"80":0,"81":1,"82":1,"83":1,"84":2,"85":2,"86":2,"87":0,"88":0,"89":0,"90":0,"91":0,"92":0,"93":0,"94":0,"95":0,"96":2,"97":2,"98":0,"99":0,"100":9,"101":5,"102":1,"103":1,"104":1},"f":{"0":1,"1":2,"2":0,"3":0,"4":0,"5":0,"6":0,"7":0,"8":1,"9":1,"10":0,"11":0,"12":0,"13":0,"14":0,"15":3,"16":2,"17":2,"18":1,"19":2,"20":1,"21":1,"22":9,"23":0,"24":0,"25":0,"26":0,"27":1,"28":2,"29":0,"30":0,"31":0,"32":0,"33":1,"34":1,"35":2,"36":2,"37":0,"38":0,"39":0,"40":0,"41":0,"42":0,"43":0,"44":2,"45":0,"46":9,"47":5,"48":1,"49":1},"b":{"0":[0,0],"1":[0,0],"2":[1,0],"3":[1,1,1],"4":[0,1],"5":[1,0],"6":[0,0],"7":[0,1],"8":[0,0],"9":[0,0,0],"10":[0,0,0,0],"11":[0,0],"12":[0,0],"13":[0,0],"14":[0,0,0,0],"15":[1,0],"16":[0,0],"17":[0,0],"18":[0,0],"19":[0,0],"20":[0,0],"21":[0,0],"22":[1,0]},"meta":{"lastBranch":23,"lastFunction":50,"lastStatement":105,"seen":{"f:18:0:18:6":0,"s:19:4:19:Infinity":0,"s:20:4:20:Infinity":1,"f:22:4:22:13":1,"s:23:19:23:Infinity":2,"s:24:32:29:Infinity":3,"s:30:8:30:Infinity":4,"s:31:8:31:Infinity":5,"f:34:4:34:16":2,"s:35:8:35:Infinity":6,"f:35:41:35:46":3,"s:35:46:35:57":7,"f:38:4:38:16":4,"s:39:22:39:Infinity":8,"f:39:39:39:44":5,"s:39:44:39:55":9,"b:40:8:42:Infinity:undefined:undefined:undefined:undefined":0,"s:40:8:42:Infinity":10,"s:41:12:41:Infinity":11,"f:45:4:45:16":6,"s:46:22:46:Infinity":12,"f:46:39:46:44":7,"s:46:44:46:55":13,"b:47:8:49:Infinity:undefined:undefined:undefined:undefined":1,"s:47:8:49:Infinity":14,"s:48:12:48:Infinity":15,"f:52:4:52:17":8,"s:53:22:53:Infinity":16,"f:53:39:53:44":9,"s:53:44:53:55":17,"b:54:8:78:Infinity:undefined:undefined:undefined:undefined":2,"s:54:8:78:Infinity":18,"b:54:12:54:21:54:21:54:38:54:38:54:56":3,"s:55:12:55:Infinity":19,"s:56:12:56:Infinity":20,"s:59:12:62:Infinity":21,"b:65:12:72:Infinity:undefined:undefined:undefined:undefined":4,"s:65:12:72:Infinity":22,"b:65:16:65:45:65:45:65:71":5,"b:66:16:71:Infinity:undefined:undefined:undefined:undefined":6,"s:66:16:71:Infinity":23,"s:67:20:70:Infinity":24,"b:75:12:77:Infinity:undefined:undefined:undefined:undefined":7,"s:75:12:77:Infinity":25,"s:76:16:76:Infinity":26,"f:81:12:81:35":10,"s:82:8:90:Infinity":27,"s:83:26:84:Infinity":28,"s:85:12:87:Infinity":29,"f:85:31:85:37":11,"s:89:12:89:Infinity":30,"f:93:4:93:16":12,"s:94:39:94:Infinity":31,"s:96:8:126:Infinity":32,"f:96:28:96:37":13,"b:97:12:99:Infinity:undefined:undefined:undefined:undefined":8,"s:97:12:99:Infinity":33,"b:97:16:97:34:97:34:97:53:97:53:97:78":9,"s:98:16:98:Infinity":34,"s:101:32:101:Infinity":35,"b:104:16:106:Infinity:107:16:114:Infinity:115:16:117:Infinity:118:16:119:Infinity":10,"s:103:12:120:Infinity":36,"s:105:20:105:Infinity":37,"s:106:20:106:Infinity":38,"b:108:20:113:Infinity:undefined:undefined:undefined:undefined":11,"s:108:20:113:Infinity":39,"s:109:47:109:Infinity":40,"b:110:24:112:Infinity:undefined:undefined:undefined:undefined":12,"s:110:24:112:Infinity":41,"s:111:28:111:Infinity":42,"s:114:20:114:Infinity":43,"s:117:20:117:Infinity":44,"s:119:20:119:Infinity":45,"b:122:12:125:Infinity:undefined:undefined:undefined:undefined":13,"s:122:12:125:Infinity":46,"s:123:16:123:Infinity":47,"s:124:16:124:Infinity":48,"s:128:8:128:Infinity":49,"f:131:12:131:32":14,"b:133:12:134:Infinity:135:12:136:Infinity:137:12:138:Infinity:139:12:140:Infinity":14,"s:132:8:141:Infinity":50,"s:134:16:134:Infinity":51,"s:136:16:136:Infinity":52,"s:138:16:138:Infinity":53,"s:140:16:140:Infinity":54,"f:144:4:144:25":15,"s:145:8:145:Infinity":55,"f:148:4:148:57":16,"s:149:8:149:Infinity":56,"f:152:4:152:25":17,"s:153:8:153:Infinity":57,"f:156:4:156:14":18,"s:157:8:157:Infinity":58,"f:159:4:159:24":19,"s:160:8:160:Infinity":59,"s:164:20:164:Infinity":60,"s:167:6:186:Infinity":61,"f:167:39:167:45":20,"b:169:4:175:Infinity:undefined:undefined:undefined:undefined":15,"s:169:4:175:Infinity":62,"s:170:8:174:Infinity":63,"f:171:21:171:27":21,"s:171:27:171:Infinity":64,"f:172:21:172:27":22,"f:173:24:173:30":23,"b:177:4:179:Infinity:undefined:undefined:undefined:undefined":16,"s:177:4:179:Infinity":65,"b:177:8:177:41:177:41:177:62":17,"s:178:8:178:Infinity":66,"s:181:4:185:Infinity":67,"f:182:17:182:23":24,"s:182:23:182:Infinity":68,"f:183:17:183:23":25,"f:184:20:184:26":26,"s:188:13:296:Infinity":69,"f:190:8:190:9":27,"s:190:23:278:Infinity":70,"f:196:22:196:23":28,"s:197:27:197:Infinity":71,"s:198:16:198:Infinity":72,"s:199:16:199:Infinity":73,"f:202:25:202:26":29,"s:203:16:203:Infinity":74,"s:204:16:207:Infinity":75,"f:206:66:206:73":30,"s:206:73:206:83":76,"f:210:25:210:26":31,"s:211:16:211:Infinity":77,"s:212:16:212:Infinity":78,"f:215:25:215:26":32,"s:216:16:216:Infinity":79,"s:217:16:217:Infinity":80,"f:220:26:220:27":33,"s:221:16:221:Infinity":81,"s:222:16:226:Infinity":82,"f:222:20:222:30":34,"s:222:30:226:18":83,"f:229:34:229:40":35,"s:230:16:230:Infinity":84,"f:233:25:233:31":36,"s:234:16:234:Infinity":85,"s:235:16:235:Infinity":86,"f:238:25:238:26":37,"s:239:37:239:Infinity":87,"b:240:16:245:Infinity:undefined:undefined:undefined:undefined":18,"s:240:16:245:Infinity":88,"s:241:20:244:Infinity":89,"f:241:24:241:34":38,"s:241:34:244:22":90,"f:249:31:249:32":39,"s:250:16:250:Infinity":91,"f:250:43:250:48":40,"s:250:48:250:67":92,"f:253:29:253:44":41,"s:254:16:254:Infinity":93,"f:254:43:254:48":42,"s:254:48:254:73":94,"b:254:48:254:61:254:61:254:73":19,"f:260:24:260:70":43,"s:261:16:261:Infinity":95,"f:264:26:264:32":44,"s:265:16:265:Infinity":96,"s:266:16:266:Infinity":97,"f:269:35:269:36":45,"b:271:16:276:Infinity:undefined:undefined:undefined:undefined":20,"s:271:16:276:Infinity":98,"b:271:20:271:41:271:41:271:59":21,"s:272:20:275:Infinity":99,"f:282:24:282:25":46,"s:282:36:287:Infinity":100,"f:283:41:283:47":47,"s:283:47:286:18":101,"f:288:32:288:38":48,"s:288:38:293:Infinity":102,"f:288:38:288:39":49,"b:289:16:292:Infinity:undefined:undefined:undefined:undefined":22,"s:289:16:292:Infinity":103,"s:291:20:291:Infinity":104}}}
,"/Users/dentant/Desktop/quant.term/src/utils/indicators.ts": {"path":"/Users/dentant/Desktop/quant.term/src/utils/indicators.ts","statementMap":{"0":{"start":{"line":45,"column":4},"end":{"line":47,"column":null}},"1":{"start":{"line":46,"column":8},"end":{"line":46,"column":null}},"2":{"start":{"line":50,"column":18},"end":{"line":50,"column":null}},"3":{"start":{"line":51,"column":4},"end":{"line":55,"column":null}},"4":{"start":{"line":52,"column":8},"end":{"line":54,"column":null}},"5":{"start":{"line":53,"column":12},"end":{"line":53,"column":null}},"6":{"start":{"line":70,"column":4},"end":{"line":70,"column":null}},"7":{"start":{"line":72,"column":24},"end":{"line":72,"column":null}},"8":{"start":{"line":73,"column":27},"end":{"line":73,"column":null}},"9":{"start":{"line":74,"column":39},"end":{"line":74,"column":null}},"10":{"start":{"line":76,"column":4},"end":{"line":90,"column":null}},"11":{"start":{"line":76,"column":17},"end":{"line":76,"column":20}},"12":{"start":{"line":77,"column":23},"end":{"line":77,"column":null}},"13":{"start":{"line":78,"column":14},"end":{"line":78,"column":null}},"14":{"start":{"line":79,"column":23},"end":{"line":79,"column":null}},"15":{"start":{"line":81,"column":8},"end":{"line":81,"column":null}},"16":{"start":{"line":82,"column":8},"end":{"line":82,"column":null}},"17":{"start":{"line":84,"column":21},"end":{"line":84,"column":null}},"18":{"start":{"line":86,"column":8},"end":{"line":89,"column":null}},"19":{"start":{"line":92,"column":4},"end":{"line":92,"column":null}},"20":{"start":{"line":107,"column":4},"end":{"line":107,"column":null}},"21":{"start":{"line":109,"column":38},"end":{"line":109,"column":null}},"22":{"start":{"line":111,"column":4},"end":{"line":120,"column":null}},"23":{"start":{"line":111,"column":17},"end":{"line":111,"column":29}},"24":{"start":{"line":112,"column":22},"end":{"line":112,"column":null}},"25":{"start":{"line":113,"column":20},"end":{"line":113,"column":null}},"26":{"start":{"line":113,"column":47},"end":{"line":113,"column":64}},"27":{"start":{"line":114,"column":20},"end":{"line":114,"column":null}},"28":{"start":{"line":116,"column":8},"end":{"line":119,"column":null}},"29":{"start":{"line":122,"column":4},"end":{"line":122,"column":null}},"30":{"start":{"line":138,"column":4},"end":{"line":138,"column":null}},"31":{"start":{"line":140,"column":14},"end":{"line":140,"column":null}},"32":{"start":{"line":141,"column":38},"end":{"line":141,"column":null}},"33":{"start":{"line":144,"column":14},"end":{"line":144,"column":null}},"34":{"start":{"line":144,"column":57},"end":{"line":144,"column":74}},"35":{"start":{"line":145,"column":4},"end":{"line":145,"column":null}},"36":{"start":{"line":147,"column":4},"end":{"line":153,"column":null}},"37":{"start":{"line":147,"column":17},"end":{"line":147,"column":25}},"38":{"start":{"line":148,"column":8},"end":{"line":148,"column":null}},"39":{"start":{"line":149,"column":8},"end":{"line":152,"column":null}},"40":{"start":{"line":155,"column":4},"end":{"line":155,"column":null}},"41":{"start":{"line":173,"column":4},"end":{"line":173,"column":null}},"42":{"start":{"line":175,"column":38},"end":{"line":175,"column":null}},"43":{"start":{"line":176,"column":16},"end":{"line":176,"column":null}},"44":{"start":{"line":177,"column":17},"end":{"line":177,"column":null}},"45":{"start":{"line":180,"column":4},"end":{"line":187,"column":null}},"46":{"start":{"line":180,"column":17},"end":{"line":180,"column":20}},"47":{"start":{"line":181,"column":23},"end":{"line":181,"column":null}},"48":{"start":{"line":182,"column":8},"end":{"line":186,"column":null}},"49":{"start":{"line":183,"column":12},"end":{"line":183,"column":null}},"50":{"start":{"line":185,"column":12},"end":{"line":185,"column":null}},"51":{"start":{"line":189,"column":18},"end":{"line":189,"column":null}},"52":{"start":{"line":190,"column":18},"end":{"line":190,"column":null}},"53":{"start":{"line":193,"column":20},"end":{"line":193,"column":null}},"54":{"start":{"line":194,"column":21},"end":{"line":194,"column":null}},"55":{"start":{"line":195,"column":4},"end":{"line":198,"column":null}},"56":{"start":{"line":201,"column":4},"end":{"line":217,"column":null}},"57":{"start":{"line":201,"column":17},"end":{"line":201,"column":29}},"58":{"start":{"line":202,"column":23},"end":{"line":202,"column":null}},"59":{"start":{"line":203,"column":21},"end":{"line":203,"column":null}},"60":{"start":{"line":204,"column":21},"end":{"line":204,"column":null}},"61":{"start":{"line":207,"column":8},"end":{"line":207,"column":null}},"62":{"start":{"line":208,"column":8},"end":{"line":208,"column":null}},"63":{"start":{"line":210,"column":19},"end":{"line":210,"column":null}},"64":{"start":{"line":211,"column":20},"end":{"line":211,"column":null}},"65":{"start":{"line":213,"column":8},"end":{"line":216,"column":null}},"66":{"start":{"line":219,"column":4},"end":{"line":219,"column":null}},"67":{"start":{"line":242,"column":4},"end":{"line":242,"column":null}},"68":{"start":{"line":244,"column":42},"end":{"line":244,"column":null}},"69":{"start":{"line":246,"column":4},"end":{"line":261,"column":null}},"70":{"start":{"line":246,"column":17},"end":{"line":246,"column":29}},"71":{"start":{"line":247,"column":22},"end":{"line":247,"column":null}},"72":{"start":{"line":248,"column":20},"end":{"line":248,"column":null}},"73":{"start":{"line":248,"column":47},"end":{"line":248,"column":64}},"74":{"start":{"line":249,"column":21},"end":{"line":249,"column":null}},"75":{"start":{"line":251,"column":29},"end":{"line":251,"column":null}},"76":{"start":{"line":251,"column":46},"end":{"line":251,"column":75}},"77":{"start":{"line":252,"column":25},"end":{"line":252,"column":null}},"78":{"start":{"line":252,"column":59},"end":{"line":252,"column":70}},"79":{"start":{"line":253,"column":19},"end":{"line":253,"column":null}},"80":{"start":{"line":255,"column":8},"end":{"line":260,"column":null}},"81":{"start":{"line":263,"column":4},"end":{"line":263,"column":null}},"82":{"start":{"line":288,"column":4},"end":{"line":288,"column":null}},"83":{"start":{"line":293,"column":31},"end":{"line":304,"column":null}},"84":{"start":{"line":294,"column":8},"end":{"line":294,"column":null}},"85":{"start":{"line":294,"column":33},"end":{"line":294,"column":null}},"86":{"start":{"line":296,"column":18},"end":{"line":296,"column":null}},"87":{"start":{"line":297,"column":35},"end":{"line":297,"column":null}},"88":{"start":{"line":299,"column":8},"end":{"line":301,"column":null}},"89":{"start":{"line":299,"column":21},"end":{"line":299,"column":24}},"90":{"start":{"line":300,"column":12},"end":{"line":300,"column":null}},"91":{"start":{"line":303,"column":8},"end":{"line":303,"column":null}},"92":{"start":{"line":306,"column":19},"end":{"line":306,"column":null}},"93":{"start":{"line":306,"column":33},"end":{"line":306,"column":40}},"94":{"start":{"line":307,"column":20},"end":{"line":307,"column":null}},"95":{"start":{"line":308,"column":20},"end":{"line":308,"column":null}},"96":{"start":{"line":311,"column":40},"end":{"line":311,"column":null}},"97":{"start":{"line":312,"column":4},"end":{"line":318,"column":null}},"98":{"start":{"line":312,"column":17},"end":{"line":312,"column":20}},"99":{"start":{"line":313,"column":8},"end":{"line":317,"column":null}},"100":{"start":{"line":314,"column":12},"end":{"line":314,"column":null}},"101":{"start":{"line":316,"column":12},"end":{"line":316,"column":null}},"102":{"start":{"line":321,"column":22},"end":{"line":321,"column":null}},"103":{"start":{"line":321,"column":58},"end":{"line":321,"column":68}},"104":{"start":{"line":322,"column":23},"end":{"line":322,"column":null}},"105":{"start":{"line":325,"column":34},"end":{"line":325,"column":null}},"106":{"start":{"line":326,"column":22},"end":{"line":326,"column":null}},"107":{"start":{"line":328,"column":4},"end":{"line":344,"column":null}},"108":{"start":{"line":328,"column":17},"end":{"line":328,"column":20}},"109":{"start":{"line":329,"column":8},"end":{"line":343,"column":null}},"110":{"start":{"line":330,"column":25},"end":{"line":330,"column":null}},"111":{"start":{"line":331,"column":27},"end":{"line":331,"column":null}},"112":{"start":{"line":334,"column":12},"end":{"line":342,"column":null}},"113":{"start":{"line":335,"column":16},"end":{"line":340,"column":null}},"114":{"start":{"line":341,"column":16},"end":{"line":341,"column":null}},"115":{"start":{"line":346,"column":4},"end":{"line":346,"column":null}},"116":{"start":{"line":362,"column":4},"end":{"line":362,"column":null}},"117":{"start":{"line":364,"column":31},"end":{"line":364,"column":null}},"118":{"start":{"line":367,"column":4},"end":{"line":378,"column":null}},"119":{"start":{"line":367,"column":17},"end":{"line":367,"column":20}},"120":{"start":{"line":368,"column":21},"end":{"line":368,"column":null}},"121":{"start":{"line":369,"column":20},"end":{"line":369,"column":null}},"122":{"start":{"line":370,"column":26},"end":{"line":370,"column":null}},"123":{"start":{"line":372,"column":19},"end":{"line":376,"column":null}},"124":{"start":{"line":377,"column":8},"end":{"line":377,"column":null}},"125":{"start":{"line":381,"column":14},"end":{"line":381,"column":null}},"126":{"start":{"line":381,"column":57},"end":{"line":381,"column":64}},"127":{"start":{"line":382,"column":38},"end":{"line":382,"column":null}},"128":{"start":{"line":385,"column":4},"end":{"line":391,"column":null}},"129":{"start":{"line":385,"column":17},"end":{"line":385,"column":25}},"130":{"start":{"line":386,"column":8},"end":{"line":386,"column":null}},"131":{"start":{"line":387,"column":8},"end":{"line":390,"column":null}},"132":{"start":{"line":393,"column":4},"end":{"line":393,"column":null}},"133":{"start":{"line":408,"column":4},"end":{"line":410,"column":null}},"134":{"start":{"line":409,"column":8},"end":{"line":409,"column":null}},"135":{"start":{"line":412,"column":20},"end":{"line":412,"column":null}},"136":{"start":{"line":413,"column":21},"end":{"line":413,"column":null}},"137":{"start":{"line":415,"column":4},"end":{"line":430,"column":null}},"138":{"start":{"line":416,"column":20},"end":{"line":416,"column":null}},"139":{"start":{"line":418,"column":8},"end":{"line":421,"column":null}},"140":{"start":{"line":419,"column":12},"end":{"line":419,"column":null}},"141":{"start":{"line":420,"column":12},"end":{"line":420,"column":null}},"142":{"start":{"line":425,"column":8},"end":{"line":429,"column":null}},"143":{"start":{"line":426,"column":12},"end":{"line":426,"column":null}},"144":{"start":{"line":428,"column":12},"end":{"line":428,"column":null}},"145":{"start":{"line":432,"column":22},"end":{"line":432,"column":null}},"146":{"start":{"line":433,"column":24},"end":{"line":433,"column":null}},"147":{"start":{"line":434,"column":27},"end":{"line":434,"column":null}},"148":{"start":{"line":436,"column":4},"end":{"line":441,"column":null}},"149":{"start":{"line":454,"column":4},"end":{"line":454,"column":null}},"150":{"start":{"line":456,"column":38},"end":{"line":456,"column":null}},"151":{"start":{"line":457,"column":14},"end":{"line":457,"column":null}},"152":{"start":{"line":460,"column":4},"end":{"line":460,"column":null}},"153":{"start":{"line":462,"column":4},"end":{"line":478,"column":null}},"154":{"start":{"line":462,"column":17},"end":{"line":462,"column":20}},"155":{"start":{"line":463,"column":22},"end":{"line":463,"column":null}},"156":{"start":{"line":464,"column":26},"end":{"line":464,"column":null}},"157":{"start":{"line":465,"column":23},"end":{"line":465,"column":null}},"158":{"start":{"line":467,"column":8},"end":{"line":471,"column":null}},"159":{"start":{"line":468,"column":12},"end":{"line":468,"column":null}},"160":{"start":{"line":469,"column":8},"end":{"line":471,"column":null}},"161":{"start":{"line":470,"column":12},"end":{"line":470,"column":null}},"162":{"start":{"line":474,"column":8},"end":{"line":477,"column":null}},"163":{"start":{"line":480,"column":4},"end":{"line":480,"column":null}},"164":{"start":{"line":494,"column":4},"end":{"line":494,"column":null}},"165":{"start":{"line":496,"column":31},"end":{"line":496,"column":null}},"166":{"start":{"line":497,"column":35},"end":{"line":497,"column":null}},"167":{"start":{"line":498,"column":36},"end":{"line":498,"column":null}},"168":{"start":{"line":501,"column":4},"end":{"line":531,"column":null}},"169":{"start":{"line":501,"column":17},"end":{"line":501,"column":20}},"170":{"start":{"line":502,"column":21},"end":{"line":502,"column":null}},"171":{"start":{"line":503,"column":20},"end":{"line":503,"column":null}},"172":{"start":{"line":504,"column":26},"end":{"line":504,"column":null}},"173":{"start":{"line":505,"column":25},"end":{"line":505,"column":null}},"174":{"start":{"line":506,"column":24},"end":{"line":506,"column":null}},"175":{"start":{"line":508,"column":19},"end":{"line":512,"column":null}},"176":{"start":{"line":514,"column":23},"end":{"line":514,"column":null}},"177":{"start":{"line":515,"column":25},"end":{"line":515,"column":null}},"178":{"start":{"line":517,"column":21},"end":{"line":517,"column":null}},"179":{"start":{"line":518,"column":22},"end":{"line":518,"column":null}},"180":{"start":{"line":520,"column":8},"end":{"line":522,"column":null}},"181":{"start":{"line":521,"column":12},"end":{"line":521,"column":null}},"182":{"start":{"line":524,"column":8},"end":{"line":526,"column":null}},"183":{"start":{"line":525,"column":12},"end":{"line":525,"column":null}},"184":{"start":{"line":528,"column":8},"end":{"line":528,"column":null}},"185":{"start":{"line":529,"column":8},"end":{"line":529,"column":null}},"186":{"start":{"line":530,"column":8},"end":{"line":530,"column":null}},"187":{"start":{"line":535,"column":19},"end":{"line":535,"column":null}},"188":{"start":{"line":535,"column":62},"end":{"line":535,"column":69}},"189":{"start":{"line":536,"column":23},"end":{"line":536,"column":null}},"190":{"start":{"line":536,"column":70},"end":{"line":536,"column":77}},"191":{"start":{"line":537,"column":24},"end":{"line":537,"column":null}},"192":{"start":{"line":537,"column":72},"end":{"line":537,"column":79}},"193":{"start":{"line":539,"column":38},"end":{"line":539,"column":null}},"194":{"start":{"line":540,"column":31},"end":{"line":540,"column":null}},"195":{"start":{"line":543,"column":4},"end":{"line":553,"column":null}},"196":{"start":{"line":543,"column":17},"end":{"line":543,"column":25}},"197":{"start":{"line":544,"column":8},"end":{"line":544,"column":null}},"198":{"start":{"line":545,"column":8},"end":{"line":545,"column":null}},"199":{"start":{"line":546,"column":8},"end":{"line":546,"column":null}},"200":{"start":{"line":548,"column":24},"end":{"line":548,"column":null}},"201":{"start":{"line":549,"column":25},"end":{"line":549,"column":null}},"202":{"start":{"line":551,"column":20},"end":{"line":551,"column":null}},"203":{"start":{"line":552,"column":8},"end":{"line":552,"column":null}},"204":{"start":{"line":556,"column":4},"end":{"line":581,"column":null}},"205":{"start":{"line":558,"column":18},"end":{"line":558,"column":null}},"206":{"start":{"line":558,"column":61},"end":{"line":558,"column":68}},"207":{"start":{"line":568,"column":8},"end":{"line":571,"column":null}},"208":{"start":{"line":574,"column":8},"end":{"line":580,"column":null}},"209":{"start":{"line":574,"column":21},"end":{"line":574,"column":29}},"210":{"start":{"line":575,"column":12},"end":{"line":575,"column":null}},"211":{"start":{"line":576,"column":12},"end":{"line":579,"column":null}},"212":{"start":{"line":583,"column":4},"end":{"line":583,"column":null}},"213":{"start":{"line":596,"column":4},"end":{"line":596,"column":null}},"214":{"start":{"line":596,"column":27},"end":{"line":596,"column":null}},"215":{"start":{"line":598,"column":19},"end":{"line":598,"column":null}},"216":{"start":{"line":598,"column":33},"end":{"line":598,"column":40}},"217":{"start":{"line":599,"column":14},"end":{"line":599,"column":null}},"218":{"start":{"line":602,"column":30},"end":{"line":602,"column":null}},"219":{"start":{"line":603,"column":4},"end":{"line":605,"column":null}},"220":{"start":{"line":603,"column":17},"end":{"line":603,"column":20}},"221":{"start":{"line":604,"column":8},"end":{"line":604,"column":null}},"222":{"start":{"line":608,"column":17},"end":{"line":608,"column":null}},"223":{"start":{"line":608,"column":42},"end":{"line":608,"column":49}},"224":{"start":{"line":611,"column":23},"end":{"line":611,"column":null}},"225":{"start":{"line":611,"column":40},"end":{"line":611,"column":48}},"226":{"start":{"line":614,"column":43},"end":{"line":614,"column":null}},"227":{"start":{"line":615,"column":14},"end":{"line":615,"column":null}},"228":{"start":{"line":616,"column":4},"end":{"line":619,"column":null}},"229":{"start":{"line":617,"column":8},"end":{"line":617,"column":null}},"230":{"start":{"line":618,"column":8},"end":{"line":618,"column":null}},"231":{"start":{"line":622,"column":19},"end":{"line":622,"column":null}},"232":{"start":{"line":623,"column":19},"end":{"line":623,"column":null}},"233":{"start":{"line":624,"column":14},"end":{"line":624,"column":null}},"234":{"start":{"line":627,"column":21},"end":{"line":627,"column":null}},"235":{"start":{"line":627,"column":49},"end":{"line":627,"column":60}},"236":{"start":{"line":628,"column":14},"end":{"line":628,"column":null}},"237":{"start":{"line":630,"column":4},"end":{"line":630,"column":null}},"238":{"start":{"line":630,"column":17},"end":{"line":630,"column":null}},"239":{"start":{"line":638,"column":15},"end":{"line":638,"column":null}},"240":{"start":{"line":639,"column":18},"end":{"line":639,"column":null}},"241":{"start":{"line":641,"column":4},"end":{"line":641,"column":null}}},"fnMap":{"0":{"name":"validateOHLCVData","decl":{"start":{"line":44,"column":9},"end":{"line":44,"column":27}},"loc":{"start":{"line":44,"column":71},"end":{"line":56,"column":null}},"line":44},"1":{"name":"calculateVWAP","decl":{"start":{"line":69,"column":16},"end":{"line":69,"column":30}},"loc":{"start":{"line":69,"column":63},"end":{"line":93,"column":null}},"line":69},"2":{"name":"calculateSMA","decl":{"start":{"line":106,"column":16},"end":{"line":106,"column":29}},"loc":{"start":{"line":106,"column":83},"end":{"line":123,"column":null}},"line":106},"3":{"name":"(anonymous_3)","decl":{"start":{"line":113,"column":33},"end":{"line":113,"column":34}},"loc":{"start":{"line":113,"column":47},"end":{"line":113,"column":64}},"line":113},"4":{"name":"calculateEMA","decl":{"start":{"line":137,"column":16},"end":{"line":137,"column":29}},"loc":{"start":{"line":137,"column":83},"end":{"line":156,"column":null}},"line":137},"5":{"name":"(anonymous_5)","decl":{"start":{"line":144,"column":43},"end":{"line":144,"column":44}},"loc":{"start":{"line":144,"column":57},"end":{"line":144,"column":74}},"line":144},"6":{"name":"calculateRSI","decl":{"start":{"line":172,"column":16},"end":{"line":172,"column":29}},"loc":{"start":{"line":172,"column":83},"end":{"line":220,"column":null}},"line":172},"7":{"name":"calculateBollingerBands","decl":{"start":{"line":237,"column":16},"end":{"line":237,"column":null}},"loc":{"start":{"line":241,"column":25},"end":{"line":264,"column":null}},"line":241},"8":{"name":"(anonymous_8)","decl":{"start":{"line":248,"column":33},"end":{"line":248,"column":34}},"loc":{"start":{"line":248,"column":47},"end":{"line":248,"column":64}},"line":248},"9":{"name":"(anonymous_9)","decl":{"start":{"line":251,"column":39},"end":{"line":251,"column":46}},"loc":{"start":{"line":251,"column":46},"end":{"line":251,"column":75}},"line":251},"10":{"name":"(anonymous_10)","decl":{"start":{"line":252,"column":45},"end":{"line":252,"column":46}},"loc":{"start":{"line":252,"column":59},"end":{"line":252,"column":70}},"line":252},"11":{"name":"calculateMACD","decl":{"start":{"line":282,"column":16},"end":{"line":282,"column":null}},"loc":{"start":{"line":287,"column":15},"end":{"line":347,"column":null}},"line":287},"12":{"name":"(anonymous_12)","decl":{"start":{"line":293,"column":31},"end":{"line":293,"column":32}},"loc":{"start":{"line":293,"column":79},"end":{"line":304,"column":null}},"line":293},"13":{"name":"(anonymous_13)","decl":{"start":{"line":306,"column":28},"end":{"line":306,"column":33}},"loc":{"start":{"line":306,"column":33},"end":{"line":306,"column":40}},"line":306},"14":{"name":"(anonymous_14)","decl":{"start":{"line":321,"column":38},"end":{"line":321,"column":39}},"loc":{"start":{"line":321,"column":58},"end":{"line":321,"column":68}},"line":321},"15":{"name":"calculateATR","decl":{"start":{"line":361,"column":16},"end":{"line":361,"column":29}},"loc":{"start":{"line":361,"column":83},"end":{"line":394,"column":null}},"line":361},"16":{"name":"(anonymous_16)","decl":{"start":{"line":381,"column":47},"end":{"line":381,"column":48}},"loc":{"start":{"line":381,"column":57},"end":{"line":381,"column":64}},"line":381},"17":{"name":"calculateOFI","decl":{"start":{"line":407,"column":16},"end":{"line":407,"column":29}},"loc":{"start":{"line":407,"column":109},"end":{"line":442,"column":null}},"line":407},"18":{"name":"(anonymous_18)","decl":{"start":{"line":415,"column":19},"end":{"line":415,"column":28}},"loc":{"start":{"line":415,"column":28},"end":{"line":430,"column":5}},"line":415},"19":{"name":"calculateOBV","decl":{"start":{"line":453,"column":16},"end":{"line":453,"column":29}},"loc":{"start":{"line":453,"column":62},"end":{"line":481,"column":null}},"line":453},"20":{"name":"calculateADX","decl":{"start":{"line":493,"column":16},"end":{"line":493,"column":29}},"loc":{"start":{"line":493,"column":83},"end":{"line":584,"column":null}},"line":493},"21":{"name":"(anonymous_21)","decl":{"start":{"line":535,"column":52},"end":{"line":535,"column":53}},"loc":{"start":{"line":535,"column":62},"end":{"line":535,"column":69}},"line":535},"22":{"name":"(anonymous_22)","decl":{"start":{"line":536,"column":60},"end":{"line":536,"column":61}},"loc":{"start":{"line":536,"column":70},"end":{"line":536,"column":77}},"line":536},"23":{"name":"(anonymous_23)","decl":{"start":{"line":537,"column":62},"end":{"line":537,"column":63}},"loc":{"start":{"line":537,"column":72},"end":{"line":537,"column":79}},"line":537},"24":{"name":"(anonymous_24)","decl":{"start":{"line":558,"column":51},"end":{"line":558,"column":52}},"loc":{"start":{"line":558,"column":61},"end":{"line":558,"column":68}},"line":558},"25":{"name":"calculateHurst","decl":{"start":{"line":595,"column":16},"end":{"line":595,"column":31}},"loc":{"start":{"line":595,"column":54},"end":{"line":642,"column":null}},"line":595},"26":{"name":"(anonymous_26)","decl":{"start":{"line":598,"column":28},"end":{"line":598,"column":33}},"loc":{"start":{"line":598,"column":33},"end":{"line":598,"column":40}},"line":598},"27":{"name":"(anonymous_27)","decl":{"start":{"line":608,"column":32},"end":{"line":608,"column":33}},"loc":{"start":{"line":608,"column":42},"end":{"line":608,"column":49}},"line":608},"28":{"name":"(anonymous_28)","decl":{"start":{"line":611,"column":35},"end":{"line":611,"column":40}},"loc":{"start":{"line":611,"column":40},"end":{"line":611,"column":48}},"line":611},"29":{"name":"(anonymous_29)","decl":{"start":{"line":627,"column":39},"end":{"line":627,"column":40}},"loc":{"start":{"line":627,"column":49},"end":{"line":627,"column":60}},"line":627}},"branchMap":{"0":{"loc":{"start":{"line":44,"column":42},"end":{"line":44,"column":71}},"type":"default-arg","locations":[{"start":{"line":44,"column":62},"end":{"line":44,"column":71}}],"line":44},"1":{"loc":{"start":{"line":45,"column":4},"end":{"line":47,"column":null}},"type":"if","locations":[{"start":{"line":45,"column":4},"end":{"line":47,"column":null}},{"start":{},"end":{}}],"line":45},"2":{"loc":{"start":{"line":45,"column":8},"end":{"line":45,"column":42}},"type":"binary-expr","locations":[{"start":{"line":45,"column":8},"end":{"line":45,"column":17}},{"start":{"line":45,"column":17},"end":{"line":45,"column":42}}],"line":45},"3":{"loc":{"start":{"line":46,"column":86},"end":{"line":46,"column":103}},"type":"binary-expr","locations":[{"start":{"line":46,"column":86},"end":{"line":46,"column":102}},{"start":{"line":46,"column":102},"end":{"line":46,"column":103}}],"line":46},"4":{"loc":{"start":{"line":51,"column":4},"end":{"line":55,"column":null}},"type":"if","locations":[{"start":{"line":51,"column":4},"end":{"line":55,"column":null}},{"start":{},"end":{}}],"line":51},"5":{"loc":{"start":{"line":52,"column":8},"end":{"line":54,"column":null}},"type":"if","locations":[{"start":{"line":52,"column":8},"end":{"line":54,"column":null}},{"start":{},"end":{}}],"line":52},"6":{"loc":{"start":{"line":52,"column":12},"end":{"line":52,"column":93}},"type":"binary-expr","locations":[{"start":{"line":52,"column":12},"end":{"line":52,"column":47}},{"start":{"line":52,"column":47},"end":{"line":52,"column":69}},{"start":{"line":52,"column":69},"end":{"line":52,"column":93}}],"line":52},"7":{"loc":{"start":{"line":84,"column":21},"end":{"line":84,"column":null}},"type":"cond-expr","locations":[{"start":{"line":84,"column":46},"end":{"line":84,"column":50}},{"start":{"line":84,"column":50},"end":{"line":84,"column":null}}],"line":84},"8":{"loc":{"start":{"line":106,"column":44},"end":{"line":106,"column":83}},"type":"default-arg","locations":[{"start":{"line":106,"column":61},"end":{"line":106,"column":83}}],"line":106},"9":{"loc":{"start":{"line":137,"column":44},"end":{"line":137,"column":83}},"type":"default-arg","locations":[{"start":{"line":137,"column":61},"end":{"line":137,"column":83}}],"line":137},"10":{"loc":{"start":{"line":172,"column":44},"end":{"line":172,"column":83}},"type":"default-arg","locations":[{"start":{"line":172,"column":61},"end":{"line":172,"column":83}}],"line":172},"11":{"loc":{"start":{"line":182,"column":8},"end":{"line":186,"column":null}},"type":"if","locations":[{"start":{"line":182,"column":8},"end":{"line":186,"column":null}},{"start":{"line":184,"column":15},"end":{"line":186,"column":null}}],"line":182},"12":{"loc":{"start":{"line":193,"column":20},"end":{"line":193,"column":null}},"type":"cond-expr","locations":[{"start":{"line":193,"column":36},"end":{"line":193,"column":42}},{"start":{"line":193,"column":42},"end":{"line":193,"column":null}}],"line":193},"13":{"loc":{"start":{"line":203,"column":21},"end":{"line":203,"column":null}},"type":"cond-expr","locations":[{"start":{"line":203,"column":34},"end":{"line":203,"column":43}},{"start":{"line":203,"column":43},"end":{"line":203,"column":null}}],"line":203},"14":{"loc":{"start":{"line":204,"column":21},"end":{"line":204,"column":null}},"type":"cond-expr","locations":[{"start":{"line":204,"column":34},"end":{"line":204,"column":53}},{"start":{"line":204,"column":53},"end":{"line":204,"column":null}}],"line":204},"15":{"loc":{"start":{"line":210,"column":19},"end":{"line":210,"column":null}},"type":"cond-expr","locations":[{"start":{"line":210,"column":35},"end":{"line":210,"column":41}},{"start":{"line":210,"column":41},"end":{"line":210,"column":null}}],"line":210},"16":{"loc":{"start":{"line":239,"column":4},"end":{"line":239,"column":null}},"type":"default-arg","locations":[{"start":{"line":239,"column":21},"end":{"line":239,"column":null}}],"line":239},"17":{"loc":{"start":{"line":240,"column":4},"end":{"line":240,"column":null}},"type":"default-arg","locations":[{"start":{"line":240,"column":21},"end":{"line":240,"column":null}}],"line":240},"18":{"loc":{"start":{"line":284,"column":4},"end":{"line":284,"column":null}},"type":"default-arg","locations":[{"start":{"line":284,"column":25},"end":{"line":284,"column":null}}],"line":284},"19":{"loc":{"start":{"line":285,"column":4},"end":{"line":285,"column":null}},"type":"default-arg","locations":[{"start":{"line":285,"column":25},"end":{"line":285,"column":null}}],"line":285},"20":{"loc":{"start":{"line":286,"column":4},"end":{"line":286,"column":null}},"type":"default-arg","locations":[{"start":{"line":286,"column":27},"end":{"line":286,"column":null}}],"line":286},"21":{"loc":{"start":{"line":294,"column":8},"end":{"line":294,"column":null}},"type":"if","locations":[{"start":{"line":294,"column":8},"end":{"line":294,"column":null}},{"start":{},"end":{}}],"line":294},"22":{"loc":{"start":{"line":313,"column":8},"end":{"line":317,"column":null}},"type":"if","locations":[{"start":{"line":313,"column":8},"end":{"line":317,"column":null}},{"start":{"line":315,"column":15},"end":{"line":317,"column":null}}],"line":313},"23":{"loc":{"start":{"line":329,"column":8},"end":{"line":343,"column":null}},"type":"if","locations":[{"start":{"line":329,"column":8},"end":{"line":343,"column":null}},{"start":{},"end":{}}],"line":329},"24":{"loc":{"start":{"line":329,"column":12},"end":{"line":329,"column":87}},"type":"binary-expr","locations":[{"start":{"line":329,"column":12},"end":{"line":329,"column":54}},{"start":{"line":329,"column":54},"end":{"line":329,"column":87}}],"line":329},"25":{"loc":{"start":{"line":334,"column":12},"end":{"line":342,"column":null}},"type":"if","locations":[{"start":{"line":334,"column":12},"end":{"line":342,"column":null}},{"start":{},"end":{}}],"line":334},"26":{"loc":{"start":{"line":334,"column":16},"end":{"line":334,"column":77}},"type":"binary-expr","locations":[{"start":{"line":334,"column":16},"end":{"line":334,"column":33}},{"start":{"line":334,"column":33},"end":{"line":334,"column":55}},{"start":{"line":334,"column":55},"end":{"line":334,"column":77}}],"line":334},"27":{"loc":{"start":{"line":361,"column":44},"end":{"line":361,"column":83}},"type":"default-arg","locations":[{"start":{"line":361,"column":61},"end":{"line":361,"column":83}}],"line":361},"28":{"loc":{"start":{"line":408,"column":4},"end":{"line":410,"column":null}},"type":"if","locations":[{"start":{"line":408,"column":4},"end":{"line":410,"column":null}},{"start":{},"end":{}}],"line":408},"29":{"loc":{"start":{"line":408,"column":8},"end":{"line":408,"column":40}},"type":"binary-expr","locations":[{"start":{"line":408,"column":8},"end":{"line":408,"column":19}},{"start":{"line":408,"column":19},"end":{"line":408,"column":40}}],"line":408},"30":{"loc":{"start":{"line":416,"column":20},"end":{"line":416,"column":null}},"type":"cond-expr","locations":[{"start":{"line":416,"column":57},"end":{"line":416,"column":86}},{"start":{"line":416,"column":86},"end":{"line":416,"column":null}}],"line":416},"31":{"loc":{"start":{"line":418,"column":8},"end":{"line":421,"column":null}},"type":"if","locations":[{"start":{"line":418,"column":8},"end":{"line":421,"column":null}},{"start":{},"end":{}}],"line":418},"32":{"loc":{"start":{"line":418,"column":12},"end":{"line":418,"column":42}},"type":"binary-expr","locations":[{"start":{"line":418,"column":12},"end":{"line":418,"column":26}},{"start":{"line":418,"column":26},"end":{"line":418,"column":42}}],"line":418},"33":{"loc":{"start":{"line":425,"column":8},"end":{"line":429,"column":null}},"type":"if","locations":[{"start":{"line":425,"column":8},"end":{"line":429,"column":null}},{"start":{"line":427,"column":15},"end":{"line":429,"column":null}}],"line":425},"34":{"loc":{"start":{"line":434,"column":27},"end":{"line":434,"column":null}},"type":"cond-expr","locations":[{"start":{"line":434,"column":47},"end":{"line":434,"column":51}},{"start":{"line":434,"column":51},"end":{"line":434,"column":null}}],"line":434},"35":{"loc":{"start":{"line":467,"column":8},"end":{"line":471,"column":null}},"type":"if","locations":[{"start":{"line":467,"column":8},"end":{"line":471,"column":null}},{"start":{"line":469,"column":8},"end":{"line":471,"column":null}}],"line":467},"36":{"loc":{"start":{"line":469,"column":8},"end":{"line":471,"column":null}},"type":"if","locations":[{"start":{"line":469,"column":8},"end":{"line":471,"column":null}},{"start":{},"end":{}}],"line":469},"37":{"loc":{"start":{"line":493,"column":44},"end":{"line":493,"column":83}},"type":"default-arg","locations":[{"start":{"line":493,"column":61},"end":{"line":493,"column":83}}],"line":493},"38":{"loc":{"start":{"line":520,"column":8},"end":{"line":522,"column":null}},"type":"if","locations":[{"start":{"line":520,"column":8},"end":{"line":522,"column":null}},{"start":{},"end":{}}],"line":520},"39":{"loc":{"start":{"line":520,"column":12},"end":{"line":520,"column":45}},"type":"binary-expr","locations":[{"start":{"line":520,"column":12},"end":{"line":520,"column":33}},{"start":{"line":520,"column":33},"end":{"line":520,"column":45}}],"line":520},"40":{"loc":{"start":{"line":524,"column":8},"end":{"line":526,"column":null}},"type":"if","locations":[{"start":{"line":524,"column":8},"end":{"line":526,"column":null}},{"start":{},"end":{}}],"line":524},"41":{"loc":{"start":{"line":524,"column":12},"end":{"line":524,"column":47}},"type":"binary-expr","locations":[{"start":{"line":524,"column":12},"end":{"line":524,"column":33}},{"start":{"line":524,"column":33},"end":{"line":524,"column":47}}],"line":524},"42":{"loc":{"start":{"line":556,"column":4},"end":{"line":581,"column":null}},"type":"if","locations":[{"start":{"line":556,"column":4},"end":{"line":581,"column":null}},{"start":{},"end":{}}],"line":556},"43":{"loc":{"start":{"line":596,"column":4},"end":{"line":596,"column":null}},"type":"if","locations":[{"start":{"line":596,"column":4},"end":{"line":596,"column":null}},{"start":{},"end":{}}],"line":596},"44":{"loc":{"start":{"line":630,"column":4},"end":{"line":630,"column":null}},"type":"if","locations":[{"start":{"line":630,"column":4},"end":{"line":630,"column":null}},{"start":{},"end":{}}],"line":630}},"s":{"0":22,"1":3,"2":19,"3":19,"4":19,"5":0,"6":3,"7":3,"8":3,"9":3,"10":3,"11":3,"12":150,"13":150,"14":150,"15":150,"16":150,"17":150,"18":150,"19":3,"20":3,"21":3,"22":3,"23":3,"24":68,"25":68,"26":1270,"27":68,"28":68,"29":68,"30":2,"31":2,"32":2,"33":2,"34":32,"35":2,"36":2,"37":2,"38":68,"39":68,"40":2,"41":5,"42":5,"43":5,"44":5,"45":5,"46":5,"47":42,"48":42,"49":23,"50":19,"51":3,"52":3,"53":3,"54":5,"55":5,"56":5,"57":5,"58":105,"59":105,"60":105,"61":105,"62":105,"63":105,"64":105,"65":105,"66":3,"67":3,"68":3,"69":3,"70":3,"71":93,"72":93,"73":1860,"74":93,"75":93,"76":1860,"77":93,"78":1860,"79":93,"80":93,"81":93,"82":3,"83":3,"84":6,"85":0,"86":6,"87":6,"88":6,"89":6,"90":544,"91":6,"92":3,"93":200,"94":3,"95":3,"96":3,"97":3,"98":3,"99":200,"100":150,"101":50,"102":2,"103":200,"104":2,"105":2,"106":2,"107":2,"108":2,"109":200,"110":134,"111":134,"112":134,"113":134,"114":134,"115":2,"116":3,"117":3,"118":3,"119":3,"120":147,"121":147,"122":147,"123":147,"124":147,"125":3,"126":42,"127":3,"128":3,"129":3,"130":105,"131":105,"132":3,"133":5,"134":1,"135":4,"136":4,"137":4,"138":9,"139":9,"140":0,"141":0,"142":9,"143":4,"144":5,"145":4,"146":4,"147":4,"148":5,"149":0,"150":0,"151":0,"152":0,"153":0,"154":0,"155":0,"156":0,"157":0,"158":0,"159":0,"160":0,"161":0,"162":0,"163":0,"164":0,"165":0,"166":0,"167":0,"168":0,"169":0,"170":0,"171":0,"172":0,"173":0,"174":0,"175":0,"176":0,"177":0,"178":0,"179":0,"180":0,"181":0,"182":0,"183":0,"184":0,"185":0,"186":0,"187":0,"188":0,"189":0,"190":0,"191":0,"192":0,"193":0,"194":0,"195":0,"196":0,"197":0,"198":0,"199":0,"200":0,"201":0,"202":0,"203":0,"204":0,"205":0,"206":0,"207":0,"208":0,"209":0,"210":0,"211":0,"212":0,"213":0,"214":0,"215":0,"216":0,"217":0,"218":0,"219":0,"220":0,"221":0,"222":0,"223":0,"224":0,"225":0,"226":0,"227":0,"228":0,"229":0,"230":0,"231":0,"232":0,"233":0,"234":0,"235":0,"236":0,"237":0,"238":0,"239":0,"240":0,"241":0},"f":{"0":22,"1":3,"2":3,"3":1270,"4":2,"5":32,"6":5,"7":3,"8":1860,"9":1860,"10":1860,"11":3,"12":6,"13":200,"14":200,"15":3,"16":42,"17":5,"18":9,"19":0,"20":0,"21":0,"22":0,"23":0,"24":0,"25":0,"26":0,"27":0,"28":0,"29":0},"b":{"0":[22],"1":[3,19],"2":[22,22],"3":[3,0],"4":[19,0],"5":[0,19],"6":[19,19,19],"7":[50,100],"8":[3],"9":[2],"10":[5],"11":[23,19],"12":[1,2],"13":[54,51],"14":[51,54],"15":[35,70],"16":[3],"17":[3],"18":[3],"19":[3],"20":[3],"21":[0,6],"22":[150,50],"23":[134,66],"24":[200,134],"25":[134,0],"26":[134,134,134],"27":[3],"28":[1,4],"29":[5,5],"30":[2,7],"31":[0,9],"32":[9,9],"33":[4,5],"34":[0,4],"35":[0,0],"36":[0,0],"37":[0],"38":[0,0],"39":[0,0],"40":[0,0],"41":[0,0],"42":[0,0],"43":[0,0],"44":[0,0]},"meta":{"lastBranch":45,"lastFunction":30,"lastStatement":242,"seen":{"f:44:9:44:27":0,"b:44:62:44:71":0,"b:45:4:47:Infinity:undefined:undefined:undefined:undefined":1,"s:45:4:47:Infinity":0,"b:45:8:45:17:45:17:45:42":2,"s:46:8:46:Infinity":1,"b:46:86:46:102:46:102:46:103":3,"s:50:18:50:Infinity":2,"b:51:4:55:Infinity:undefined:undefined:undefined:undefined":4,"s:51:4:55:Infinity":3,"b:52:8:54:Infinity:undefined:undefined:undefined:undefined":5,"s:52:8:54:Infinity":4,"b:52:12:52:47:52:47:52:69:52:69:52:93":6,"s:53:12:53:Infinity":5,"f:69:16:69:30":1,"s:70:4:70:Infinity":6,"s:72:24:72:Infinity":7,"s:73:27:73:Infinity":8,"s:74:39:74:Infinity":9,"s:76:4:90:Infinity":10,"s:76:17:76:20":11,"s:77:23:77:Infinity":12,"s:78:14:78:Infinity":13,"s:79:23:79:Infinity":14,"s:81:8:81:Infinity":15,"s:82:8:82:Infinity":16,"s:84:21:84:Infinity":17,"b:84:46:84:50:84:50:84:Infinity":7,"s:86:8:89:Infinity":18,"s:92:4:92:Infinity":19,"f:106:16:106:29":2,"b:106:61:106:83":8,"s:107:4:107:Infinity":20,"s:109:38:109:Infinity":21,"s:111:4:120:Infinity":22,"s:111:17:111:29":23,"s:112:22:112:Infinity":24,"s:113:20:113:Infinity":25,"f:113:33:113:34":3,"s:113:47:113:64":26,"s:114:20:114:Infinity":27,"s:116:8:119:Infinity":28,"s:122:4:122:Infinity":29,"f:137:16:137:29":4,"b:137:61:137:83":9,"s:138:4:138:Infinity":30,"s:140:14:140:Infinity":31,"s:141:38:141:Infinity":32,"s:144:14:144:Infinity":33,"f:144:43:144:44":5,"s:144:57:144:74":34,"s:145:4:145:Infinity":35,"s:147:4:153:Infinity":36,"s:147:17:147:25":37,"s:148:8:148:Infinity":38,"s:149:8:152:Infinity":39,"s:155:4:155:Infinity":40,"f:172:16:172:29":6,"b:172:61:172:83":10,"s:173:4:173:Infinity":41,"s:175:38:175:Infinity":42,"s:176:16:176:Infinity":43,"s:177:17:177:Infinity":44,"s:180:4:187:Infinity":45,"s:180:17:180:20":46,"s:181:23:181:Infinity":47,"b:182:8:186:Infinity:184:15:186:Infinity":11,"s:182:8:186:Infinity":48,"s:183:12:183:Infinity":49,"s:185:12:185:Infinity":50,"s:189:18:189:Infinity":51,"s:190:18:190:Infinity":52,"s:193:20:193:Infinity":53,"b:193:36:193:42:193:42:193:Infinity":12,"s:194:21:194:Infinity":54,"s:195:4:198:Infinity":55,"s:201:4:217:Infinity":56,"s:201:17:201:29":57,"s:202:23:202:Infinity":58,"s:203:21:203:Infinity":59,"b:203:34:203:43:203:43:203:Infinity":13,"s:204:21:204:Infinity":60,"b:204:34:204:53:204:53:204:Infinity":14,"s:207:8:207:Infinity":61,"s:208:8:208:Infinity":62,"s:210:19:210:Infinity":63,"b:210:35:210:41:210:41:210:Infinity":15,"s:211:20:211:Infinity":64,"s:213:8:216:Infinity":65,"s:219:4:219:Infinity":66,"f:237:16:237:Infinity":7,"b:239:21:239:Infinity":16,"b:240:21:240:Infinity":17,"s:242:4:242:Infinity":67,"s:244:42:244:Infinity":68,"s:246:4:261:Infinity":69,"s:246:17:246:29":70,"s:247:22:247:Infinity":71,"s:248:20:248:Infinity":72,"f:248:33:248:34":8,"s:248:47:248:64":73,"s:249:21:249:Infinity":74,"s:251:29:251:Infinity":75,"f:251:39:251:46":9,"s:251:46:251:75":76,"s:252:25:252:Infinity":77,"f:252:45:252:46":10,"s:252:59:252:70":78,"s:253:19:253:Infinity":79,"s:255:8:260:Infinity":80,"s:263:4:263:Infinity":81,"f:282:16:282:Infinity":11,"b:284:25:284:Infinity":18,"b:285:25:285:Infinity":19,"b:286:27:286:Infinity":20,"s:288:4:288:Infinity":82,"s:293:31:304:Infinity":83,"f:293:31:293:32":12,"b:294:8:294:Infinity:undefined:undefined:undefined:undefined":21,"s:294:8:294:Infinity":84,"s:294:33:294:Infinity":85,"s:296:18:296:Infinity":86,"s:297:35:297:Infinity":87,"s:299:8:301:Infinity":88,"s:299:21:299:24":89,"s:300:12:300:Infinity":90,"s:303:8:303:Infinity":91,"s:306:19:306:Infinity":92,"f:306:28:306:33":13,"s:306:33:306:40":93,"s:307:20:307:Infinity":94,"s:308:20:308:Infinity":95,"s:311:40:311:Infinity":96,"s:312:4:318:Infinity":97,"s:312:17:312:20":98,"b:313:8:317:Infinity:315:15:317:Infinity":22,"s:313:8:317:Infinity":99,"s:314:12:314:Infinity":100,"s:316:12:316:Infinity":101,"s:321:22:321:Infinity":102,"f:321:38:321:39":14,"s:321:58:321:68":103,"s:322:23:322:Infinity":104,"s:325:34:325:Infinity":105,"s:326:22:326:Infinity":106,"s:328:4:344:Infinity":107,"s:328:17:328:20":108,"b:329:8:343:Infinity:undefined:undefined:undefined:undefined":23,"s:329:8:343:Infinity":109,"b:329:12:329:54:329:54:329:87":24,"s:330:25:330:Infinity":110,"s:331:27:331:Infinity":111,"b:334:12:342:Infinity:undefined:undefined:undefined:undefined":25,"s:334:12:342:Infinity":112,"b:334:16:334:33:334:33:334:55:334:55:334:77":26,"s:335:16:340:Infinity":113,"s:341:16:341:Infinity":114,"s:346:4:346:Infinity":115,"f:361:16:361:29":15,"b:361:61:361:83":27,"s:362:4:362:Infinity":116,"s:364:31:364:Infinity":117,"s:367:4:378:Infinity":118,"s:367:17:367:20":119,"s:368:21:368:Infinity":120,"s:369:20:369:Infinity":121,"s:370:26:370:Infinity":122,"s:372:19:376:Infinity":123,"s:377:8:377:Infinity":124,"s:381:14:381:Infinity":125,"f:381:47:381:48":16,"s:381:57:381:64":126,"s:382:38:382:Infinity":127,"s:385:4:391:Infinity":128,"s:385:17:385:25":129,"s:386:8:386:Infinity":130,"s:387:8:390:Infinity":131,"s:393:4:393:Infinity":132,"f:407:16:407:29":17,"b:408:4:410:Infinity:undefined:undefined:undefined:undefined":28,"s:408:4:410:Infinity":133,"b:408:8:408:19:408:19:408:40":29,"s:409:8:409:Infinity":134,"s:412:20:412:Infinity":135,"s:413:21:413:Infinity":136,"s:415:4:430:Infinity":137,"f:415:19:415:28":18,"s:416:20:416:Infinity":138,"b:416:57:416:86:416:86:416:Infinity":30,"b:418:8:421:Infinity:undefined:undefined:undefined:undefined":31,"s:418:8:421:Infinity":139,"b:418:12:418:26:418:26:418:42":32,"s:419:12:419:Infinity":140,"s:420:12:420:Infinity":141,"b:425:8:429:Infinity:427:15:429:Infinity":33,"s:425:8:429:Infinity":142,"s:426:12:426:Infinity":143,"s:428:12:428:Infinity":144,"s:432:22:432:Infinity":145,"s:433:24:433:Infinity":146,"s:434:27:434:Infinity":147,"b:434:47:434:51:434:51:434:Infinity":34,"s:436:4:441:Infinity":148,"f:453:16:453:29":19,"s:454:4:454:Infinity":149,"s:456:38:456:Infinity":150,"s:457:14:457:Infinity":151,"s:460:4:460:Infinity":152,"s:462:4:478:Infinity":153,"s:462:17:462:20":154,"s:463:22:463:Infinity":155,"s:464:26:464:Infinity":156,"s:465:23:465:Infinity":157,"b:467:8:471:Infinity:469:8:471:Infinity":35,"s:467:8:471:Infinity":158,"s:468:12:468:Infinity":159,"b:469:8:471:Infinity:undefined:undefined:undefined:undefined":36,"s:469:8:471:Infinity":160,"s:470:12:470:Infinity":161,"s:474:8:477:Infinity":162,"s:480:4:480:Infinity":163,"f:493:16:493:29":20,"b:493:61:493:83":37,"s:494:4:494:Infinity":164,"s:496:31:496:Infinity":165,"s:497:35:497:Infinity":166,"s:498:36:498:Infinity":167,"s:501:4:531:Infinity":168,"s:501:17:501:20":169,"s:502:21:502:Infinity":170,"s:503:20:503:Infinity":171,"s:504:26:504:Infinity":172,"s:505:25:505:Infinity":173,"s:506:24:506:Infinity":174,"s:508:19:512:Infinity":175,"s:514:23:514:Infinity":176,"s:515:25:515:Infinity":177,"s:517:21:517:Infinity":178,"s:518:22:518:Infinity":179,"b:520:8:522:Infinity:undefined:undefined:undefined:undefined":38,"s:520:8:522:Infinity":180,"b:520:12:520:33:520:33:520:45":39,"s:521:12:521:Infinity":181,"b:524:8:526:Infinity:undefined:undefined:undefined:undefined":40,"s:524:8:526:Infinity":182,"b:524:12:524:33:524:33:524:47":41,"s:525:12:525:Infinity":183,"s:528:8:528:Infinity":184,"s:529:8:529:Infinity":185,"s:530:8:530:Infinity":186,"s:535:19:535:Infinity":187,"f:535:52:535:53":21,"s:535:62:535:69":188,"s:536:23:536:Infinity":189,"f:536:60:536:61":22,"s:536:70:536:77":190,"s:537:24:537:Infinity":191,"f:537:62:537:63":23,"s:537:72:537:79":192,"s:539:38:539:Infinity":193,"s:540:31:540:Infinity":194,"s:543:4:553:Infinity":195,"s:543:17:543:25":196,"s:544:8:544:Infinity":197,"s:545:8:545:Infinity":198,"s:546:8:546:Infinity":199,"s:548:24:548:Infinity":200,"s:549:25:549:Infinity":201,"s:551:20:551:Infinity":202,"s:552:8:552:Infinity":203,"b:556:4:581:Infinity:undefined:undefined:undefined:undefined":42,"s:556:4:581:Infinity":204,"s:558:18:558:Infinity":205,"f:558:51:558:52":24,"s:558:61:558:68":206,"s:568:8:571:Infinity":207,"s:574:8:580:Infinity":208,"s:574:21:574:29":209,"s:575:12:575:Infinity":210,"s:576:12:579:Infinity":211,"s:583:4:583:Infinity":212,"f:595:16:595:31":25,"b:596:4:596:Infinity:undefined:undefined:undefined:undefined":43,"s:596:4:596:Infinity":213,"s:596:27:596:Infinity":214,"s:598:19:598:Infinity":215,"f:598:28:598:33":26,"s:598:33:598:40":216,"s:599:14:599:Infinity":217,"s:602:30:602:Infinity":218,"s:603:4:605:Infinity":219,"s:603:17:603:20":220,"s:604:8:604:Infinity":221,"s:608:17:608:Infinity":222,"f:608:32:608:33":27,"s:608:42:608:49":223,"s:611:23:611:Infinity":224,"f:611:35:611:40":28,"s:611:40:611:48":225,"s:614:43:614:Infinity":226,"s:615:14:615:Infinity":227,"s:616:4:619:Infinity":228,"s:617:8:617:Infinity":229,"s:618:8:618:Infinity":230,"s:622:19:622:Infinity":231,"s:623:19:623:Infinity":232,"s:624:14:624:Infinity":233,"s:627:21:627:Infinity":234,"f:627:39:627:40":29,"s:627:49:627:60":235,"s:628:14:628:Infinity":236,"b:630:4:630:Infinity:undefined:undefined:undefined:undefined":44,"s:630:4:630:Infinity":237,"s:630:17:630:Infinity":238,"s:638:15:638:Infinity":239,"s:639:18:639:Infinity":240,"s:641:4:641:Infinity":241}}}
}
