TN:
SF:src/utils/indicators.ts
FN:44,validateOHLCVData
FN:69,calculateVWAP
FN:106,calculateSMA
FN:113,(anonymous_3)
FN:137,calculateEMA
FN:144,(anonymous_5)
FN:172,calculateRSI
FN:237,calculateBollingerBands
FN:248,(anonymous_8)
FN:251,(anonymous_9)
FN:252,(anonymous_10)
FN:282,calculateMACD
FN:293,(anonymous_12)
FN:306,(anonymous_13)
FN:321,(anonymous_14)
FN:361,calculateATR
FN:381,(anonymous_16)
FN:407,calculateOFI
FN:415,(anonymous_18)
FN:453,calculateOBV
FN:493,calculateADX
FN:535,(anonymous_21)
FN:536,(anonymous_22)
FN:537,(anonymous_23)
FN:558,(anonymous_24)
FN:595,calculateHurst
FN:598,(anonymous_26)
FN:608,(anonymous_27)
FN:611,(anonymous_28)
FN:627,(anonymous_29)
FNF:30
FNH:2
FNDA:5,validateOHLCVData
FNDA:5,calculateVWAP
FNDA:0,calculateSMA
FNDA:0,(anonymous_3)
FNDA:0,calculateEMA
FNDA:0,(anonymous_5)
FNDA:0,calculateRSI
FNDA:0,calculateBollingerBands
FNDA:0,(anonymous_8)
FNDA:0,(anonymous_9)
FNDA:0,(anonymous_10)
FNDA:0,calculateMACD
FNDA:0,(anonymous_12)
FNDA:0,(anonymous_13)
FNDA:0,(anonymous_14)
FNDA:0,calculateATR
FNDA:0,(anonymous_16)
FNDA:0,calculateOFI
FNDA:0,(anonymous_18)
FNDA:0,calculateOBV
FNDA:0,calculateADX
FNDA:0,(anonymous_21)
FNDA:0,(anonymous_22)
FNDA:0,(anonymous_23)
FNDA:0,(anonymous_24)
FNDA:0,calculateHurst
FNDA:0,(anonymous_26)
FNDA:0,(anonymous_27)
FNDA:0,(anonymous_28)
FNDA:0,(anonymous_29)
DA:45,5
DA:46,1
DA:50,4
DA:51,4
DA:52,4
DA:53,0
DA:70,5
DA:72,5
DA:73,5
DA:74,5
DA:76,5
DA:77,7
DA:78,7
DA:79,7
DA:81,7
DA:82,7
DA:84,7
DA:86,7
DA:92,4
DA:107,0
DA:109,0
DA:111,0
DA:112,0
DA:113,0
DA:114,0
DA:116,0
DA:122,0
DA:138,0
DA:140,0
DA:141,0
DA:144,0
DA:145,0
DA:147,0
DA:148,0
DA:149,0
DA:155,0
DA:173,0
DA:175,0
DA:176,0
DA:177,0
DA:180,0
DA:181,0
DA:182,0
DA:183,0
DA:185,0
DA:189,0
DA:190,0
DA:193,0
DA:194,0
DA:195,0
DA:201,0
DA:202,0
DA:203,0
DA:204,0
DA:207,0
DA:208,0
DA:210,0
DA:211,0
DA:213,0
DA:219,0
DA:242,0
DA:244,0
DA:246,0
DA:247,0
DA:248,0
DA:249,0
DA:251,0
DA:252,0
DA:253,0
DA:255,0
DA:263,0
DA:288,0
DA:293,0
DA:294,0
DA:296,0
DA:297,0
DA:299,0
DA:300,0
DA:303,0
DA:306,0
DA:307,0
DA:308,0
DA:311,0
DA:312,0
DA:313,0
DA:314,0
DA:316,0
DA:321,0
DA:322,0
DA:325,0
DA:326,0
DA:328,0
DA:329,0
DA:330,0
DA:331,0
DA:334,0
DA:335,0
DA:341,0
DA:346,0
DA:362,0
DA:364,0
DA:367,0
DA:368,0
DA:369,0
DA:370,0
DA:372,0
DA:377,0
DA:381,0
DA:382,0
DA:385,0
DA:386,0
DA:387,0
DA:393,0
DA:408,0
DA:409,0
DA:412,0
DA:413,0
DA:415,0
DA:416,0
DA:418,0
DA:419,0
DA:420,0
DA:425,0
DA:426,0
DA:428,0
DA:432,0
DA:433,0
DA:434,0
DA:436,0
DA:454,0
DA:456,0
DA:457,0
DA:460,0
DA:462,0
DA:463,0
DA:464,0
DA:465,0
DA:467,0
DA:468,0
DA:469,0
DA:470,0
DA:474,0
DA:480,0
DA:494,0
DA:496,0
DA:497,0
DA:498,0
DA:501,0
DA:502,0
DA:503,0
DA:504,0
DA:505,0
DA:506,0
DA:508,0
DA:514,0
DA:515,0
DA:517,0
DA:518,0
DA:520,0
DA:521,0
DA:524,0
DA:525,0
DA:528,0
DA:529,0
DA:530,0
DA:535,0
DA:536,0
DA:537,0
DA:539,0
DA:540,0
DA:543,0
DA:544,0
DA:545,0
DA:546,0
DA:548,0
DA:549,0
DA:551,0
DA:552,0
DA:556,0
DA:558,0
DA:568,0
DA:574,0
DA:575,0
DA:576,0
DA:583,0
DA:596,0
DA:598,0
DA:599,0
DA:602,0
DA:603,0
DA:604,0
DA:608,0
DA:611,0
DA:614,0
DA:615,0
DA:616,0
DA:617,0
DA:618,0
DA:622,0
DA:623,0
DA:624,0
DA:627,0
DA:628,0
DA:630,0
DA:638,0
DA:639,0
DA:641,0
LF:207
LH:18
BRDA:44,0,0,5
BRDA:45,1,0,1
BRDA:45,1,1,4
BRDA:45,2,0,5
BRDA:45,2,1,5
BRDA:46,3,0,1
BRDA:46,3,1,0
BRDA:51,4,0,4
BRDA:51,4,1,0
BRDA:52,5,0,0
BRDA:52,5,1,4
BRDA:52,6,0,4
BRDA:52,6,1,4
BRDA:52,6,2,4
BRDA:84,7,0,1
BRDA:84,7,1,6
BRDA:106,8,0,0
BRDA:137,9,0,0
BRDA:172,10,0,0
BRDA:182,11,0,0
BRDA:182,11,1,0
BRDA:193,12,0,0
BRDA:193,12,1,0
BRDA:203,13,0,0
BRDA:203,13,1,0
BRDA:204,14,0,0
BRDA:204,14,1,0
BRDA:210,15,0,0
BRDA:210,15,1,0
BRDA:239,16,0,0
BRDA:240,17,0,0
BRDA:284,18,0,0
BRDA:285,19,0,0
BRDA:286,20,0,0
BRDA:294,21,0,0
BRDA:294,21,1,0
BRDA:313,22,0,0
BRDA:313,22,1,0
BRDA:329,23,0,0
BRDA:329,23,1,0
BRDA:329,24,0,0
BRDA:329,24,1,0
BRDA:334,25,0,0
BRDA:334,25,1,0
BRDA:334,26,0,0
BRDA:334,26,1,0
BRDA:334,26,2,0
BRDA:361,27,0,0
BRDA:408,28,0,0
BRDA:408,28,1,0
BRDA:408,29,0,0
BRDA:408,29,1,0
BRDA:416,30,0,0
BRDA:416,30,1,0
BRDA:418,31,0,0
BRDA:418,31,1,0
BRDA:418,32,0,0
BRDA:418,32,1,0
BRDA:425,33,0,0
BRDA:425,33,1,0
BRDA:434,34,0,0
BRDA:434,34,1,0
BRDA:467,35,0,0
BRDA:467,35,1,0
BRDA:469,36,0,0
BRDA:469,36,1,0
BRDA:493,37,0,0
BRDA:520,38,0,0
BRDA:520,38,1,0
BRDA:520,39,0,0
BRDA:520,39,1,0
BRDA:524,40,0,0
BRDA:524,40,1,0
BRDA:524,41,0,0
BRDA:524,41,1,0
BRDA:556,42,0,0
BRDA:556,42,1,0
BRDA:596,43,0,0
BRDA:596,43,1,0
BRDA:630,44,0,0
BRDA:630,44,1,0
BRF:81
BRH:13
end_of_record
