TN:
SF:src/stores/alertStore.ts
FN:18,(anonymous_0)
FN:22,(anonymous_1)
FN:34,(anonymous_2)
FN:35,(anonymous_3)
FN:38,(anonymous_4)
FN:39,(anonymous_5)
FN:45,(anonymous_6)
FN:46,(anonymous_7)
FN:52,(anonymous_8)
FN:53,(anonymous_9)
FN:81,(anonymous_10)
FN:85,(anonymous_11)
FN:93,(anonymous_12)
FN:96,(anonymous_13)
FN:131,(anonymous_14)
FN:144,(anonymous_15)
FN:148,(anonymous_16)
FN:152,(anonymous_17)
FN:156,(anonymous_18)
FN:159,(anonymous_19)
FN:167,(anonymous_20)
FN:171,(anonymous_21)
FN:172,(anonymous_22)
FN:173,(anonymous_23)
FN:182,(anonymous_24)
FN:183,(anonymous_25)
FN:184,(anonymous_26)
FN:190,(anonymous_27)
FN:196,(anonymous_28)
FN:202,(anonymous_29)
FN:206,(anonymous_30)
FN:210,(anonymous_31)
FN:215,(anonymous_32)
FN:220,(anonymous_33)
FN:222,(anonymous_34)
FN:229,(anonymous_35)
FN:233,(anonymous_36)
FN:238,(anonymous_37)
FN:241,(anonymous_38)
FN:249,(anonymous_39)
FN:250,(anonymous_40)
FN:253,(anonymous_41)
FN:254,(anonymous_42)
FN:260,(anonymous_43)
FN:264,(anonymous_44)
FN:269,(anonymous_45)
FN:282,(anonymous_46)
FN:283,(anonymous_47)
FN:288,(anonymous_48)
FN:288,(anonymous_49)
FNF:50
FNH:23
FNDA:1,(anonymous_0)
FNDA:2,(anonymous_1)
FNDA:0,(anonymous_2)
FNDA:0,(anonymous_3)
FNDA:0,(anonymous_4)
FNDA:0,(anonymous_5)
FNDA:0,(anonymous_6)
FNDA:0,(anonymous_7)
FNDA:1,(anonymous_8)
FNDA:1,(anonymous_9)
FNDA:0,(anonymous_10)
FNDA:0,(anonymous_11)
FNDA:0,(anonymous_12)
FNDA:0,(anonymous_13)
FNDA:0,(anonymous_14)
FNDA:3,(anonymous_15)
FNDA:2,(anonymous_16)
FNDA:2,(anonymous_17)
FNDA:1,(anonymous_18)
FNDA:2,(anonymous_19)
FNDA:1,(anonymous_20)
FNDA:1,(anonymous_21)
FNDA:9,(anonymous_22)
FNDA:0,(anonymous_23)
FNDA:0,(anonymous_24)
FNDA:0,(anonymous_25)
FNDA:0,(anonymous_26)
FNDA:1,(anonymous_27)
FNDA:2,(anonymous_28)
FNDA:0,(anonymous_29)
FNDA:0,(anonymous_30)
FNDA:0,(anonymous_31)
FNDA:0,(anonymous_32)
FNDA:1,(anonymous_33)
FNDA:1,(anonymous_34)
FNDA:2,(anonymous_35)
FNDA:2,(anonymous_36)
FNDA:0,(anonymous_37)
FNDA:0,(anonymous_38)
FNDA:0,(anonymous_39)
FNDA:0,(anonymous_40)
FNDA:0,(anonymous_41)
FNDA:0,(anonymous_42)
FNDA:0,(anonymous_43)
FNDA:2,(anonymous_44)
FNDA:0,(anonymous_45)
FNDA:9,(anonymous_46)
FNDA:5,(anonymous_47)
FNDA:1,(anonymous_48)
FNDA:1,(anonymous_49)
DA:19,1
DA:20,1
DA:23,2
DA:24,2
DA:30,2
DA:31,2
DA:35,0
DA:39,0
DA:40,0
DA:41,0
DA:46,0
DA:47,0
DA:48,0
DA:53,1
DA:54,1
DA:55,1
DA:56,1
DA:59,1
DA:65,1
DA:66,0
DA:67,0
DA:75,1
DA:76,0
DA:82,0
DA:83,0
DA:85,0
DA:89,0
DA:94,0
DA:96,0
DA:97,0
DA:98,0
DA:101,0
DA:103,0
DA:105,0
DA:106,0
DA:108,0
DA:109,0
DA:110,0
DA:111,0
DA:114,0
DA:117,0
DA:119,0
DA:122,0
DA:123,0
DA:124,0
DA:128,0
DA:132,0
DA:134,0
DA:136,0
DA:138,0
DA:140,0
DA:145,3
DA:149,2
DA:153,2
DA:157,1
DA:160,2
DA:164,1
DA:167,1
DA:169,1
DA:170,1
DA:171,1
DA:177,0
DA:178,0
DA:181,0
DA:182,0
DA:188,1
DA:190,1
DA:197,2
DA:198,2
DA:199,2
DA:203,0
DA:204,0
DA:206,0
DA:211,0
DA:212,0
DA:216,0
DA:217,0
DA:221,1
DA:222,1
DA:230,2
DA:234,2
DA:235,2
DA:239,0
DA:240,0
DA:241,0
DA:250,0
DA:254,0
DA:261,0
DA:265,2
DA:266,2
DA:271,0
DA:272,0
DA:282,9
DA:283,5
DA:288,1
DA:289,1
DA:291,1
LF:97
LH:40
BRDA:40,0,0,0
BRDA:40,0,1,0
BRDA:47,1,0,0
BRDA:47,1,1,0
BRDA:54,2,0,1
BRDA:54,2,1,0
BRDA:54,3,0,1
BRDA:54,3,1,1
BRDA:54,3,2,1
BRDA:65,4,0,0
BRDA:65,4,1,1
BRDA:65,5,0,1
BRDA:65,5,1,0
BRDA:66,6,0,0
BRDA:66,6,1,0
BRDA:75,7,0,0
BRDA:75,7,1,1
BRDA:97,8,0,0
BRDA:97,8,1,0
BRDA:97,9,0,0
BRDA:97,9,1,0
BRDA:97,9,2,0
BRDA:103,10,0,0
BRDA:103,10,1,0
BRDA:103,10,2,0
BRDA:103,10,3,0
BRDA:108,11,0,0
BRDA:108,11,1,0
BRDA:110,12,0,0
BRDA:110,12,1,0
BRDA:122,13,0,0
BRDA:122,13,1,0
BRDA:132,14,0,0
BRDA:132,14,1,0
BRDA:132,14,2,0
BRDA:132,14,3,0
BRDA:169,15,0,1
BRDA:169,15,1,0
BRDA:177,16,0,0
BRDA:177,16,1,0
BRDA:177,17,0,0
BRDA:177,17,1,0
BRDA:240,18,0,0
BRDA:240,18,1,0
BRDA:254,19,0,0
BRDA:254,19,1,0
BRDA:271,20,0,0
BRDA:271,20,1,0
BRDA:271,21,0,0
BRDA:271,21,1,0
BRDA:289,22,0,1
BRDA:289,22,1,0
BRF:52
BRH:9
end_of_record
TN:
SF:src/utils/indicators.ts
FN:44,validateOHLCVData
FN:69,calculateVWAP
FN:106,calculateSMA
FN:113,(anonymous_3)
FN:137,calculateEMA
FN:144,(anonymous_5)
FN:172,calculateRSI
FN:237,calculateBollingerBands
FN:248,(anonymous_8)
FN:251,(anonymous_9)
FN:252,(anonymous_10)
FN:282,calculateMACD
FN:293,(anonymous_12)
FN:306,(anonymous_13)
FN:321,(anonymous_14)
FN:361,calculateATR
FN:381,(anonymous_16)
FN:407,calculateOFI
FN:415,(anonymous_18)
FN:453,calculateOBV
FN:493,calculateADX
FN:535,(anonymous_21)
FN:536,(anonymous_22)
FN:537,(anonymous_23)
FN:558,(anonymous_24)
FN:595,calculateHurst
FN:598,(anonymous_26)
FN:608,(anonymous_27)
FN:611,(anonymous_28)
FN:627,(anonymous_29)
FNF:30
FNH:19
FNDA:22,validateOHLCVData
FNDA:3,calculateVWAP
FNDA:3,calculateSMA
FNDA:1270,(anonymous_3)
FNDA:2,calculateEMA
FNDA:32,(anonymous_5)
FNDA:5,calculateRSI
FNDA:3,calculateBollingerBands
FNDA:1860,(anonymous_8)
FNDA:1860,(anonymous_9)
FNDA:1860,(anonymous_10)
FNDA:3,calculateMACD
FNDA:6,(anonymous_12)
FNDA:200,(anonymous_13)
FNDA:200,(anonymous_14)
FNDA:3,calculateATR
FNDA:42,(anonymous_16)
FNDA:5,calculateOFI
FNDA:9,(anonymous_18)
FNDA:0,calculateOBV
FNDA:0,calculateADX
FNDA:0,(anonymous_21)
FNDA:0,(anonymous_22)
FNDA:0,(anonymous_23)
FNDA:0,(anonymous_24)
FNDA:0,calculateHurst
FNDA:0,(anonymous_26)
FNDA:0,(anonymous_27)
FNDA:0,(anonymous_28)
FNDA:0,(anonymous_29)
DA:45,22
DA:46,3
DA:50,19
DA:51,19
DA:52,19
DA:53,0
DA:70,3
DA:72,3
DA:73,3
DA:74,3
DA:76,3
DA:77,150
DA:78,150
DA:79,150
DA:81,150
DA:82,150
DA:84,150
DA:86,150
DA:92,3
DA:107,3
DA:109,3
DA:111,3
DA:112,68
DA:113,1270
DA:114,68
DA:116,68
DA:122,68
DA:138,2
DA:140,2
DA:141,2
DA:144,32
DA:145,2
DA:147,2
DA:148,68
DA:149,68
DA:155,2
DA:173,5
DA:175,5
DA:176,5
DA:177,5
DA:180,5
DA:181,42
DA:182,42
DA:183,23
DA:185,19
DA:189,3
DA:190,3
DA:193,3
DA:194,5
DA:195,5
DA:201,5
DA:202,105
DA:203,105
DA:204,105
DA:207,105
DA:208,105
DA:210,105
DA:211,105
DA:213,105
DA:219,3
DA:242,3
DA:244,3
DA:246,3
DA:247,93
DA:248,1860
DA:249,93
DA:251,1860
DA:252,1860
DA:253,93
DA:255,93
DA:263,93
DA:288,3
DA:293,3
DA:294,6
DA:296,6
DA:297,6
DA:299,6
DA:300,544
DA:303,6
DA:306,200
DA:307,3
DA:308,3
DA:311,3
DA:312,3
DA:313,200
DA:314,150
DA:316,50
DA:321,200
DA:322,2
DA:325,2
DA:326,2
DA:328,2
DA:329,200
DA:330,134
DA:331,134
DA:334,134
DA:335,134
DA:341,134
DA:346,2
DA:362,3
DA:364,3
DA:367,3
DA:368,147
DA:369,147
DA:370,147
DA:372,147
DA:377,147
DA:381,42
DA:382,3
DA:385,3
DA:386,105
DA:387,105
DA:393,3
DA:408,5
DA:409,1
DA:412,4
DA:413,4
DA:415,4
DA:416,9
DA:418,9
DA:419,0
DA:420,0
DA:425,9
DA:426,4
DA:428,5
DA:432,4
DA:433,4
DA:434,4
DA:436,5
DA:454,0
DA:456,0
DA:457,0
DA:460,0
DA:462,0
DA:463,0
DA:464,0
DA:465,0
DA:467,0
DA:468,0
DA:469,0
DA:470,0
DA:474,0
DA:480,0
DA:494,0
DA:496,0
DA:497,0
DA:498,0
DA:501,0
DA:502,0
DA:503,0
DA:504,0
DA:505,0
DA:506,0
DA:508,0
DA:514,0
DA:515,0
DA:517,0
DA:518,0
DA:520,0
DA:521,0
DA:524,0
DA:525,0
DA:528,0
DA:529,0
DA:530,0
DA:535,0
DA:536,0
DA:537,0
DA:539,0
DA:540,0
DA:543,0
DA:544,0
DA:545,0
DA:546,0
DA:548,0
DA:549,0
DA:551,0
DA:552,0
DA:556,0
DA:558,0
DA:568,0
DA:574,0
DA:575,0
DA:576,0
DA:583,0
DA:596,0
DA:598,0
DA:599,0
DA:602,0
DA:603,0
DA:604,0
DA:608,0
DA:611,0
DA:614,0
DA:615,0
DA:616,0
DA:617,0
DA:618,0
DA:622,0
DA:623,0
DA:624,0
DA:627,0
DA:628,0
DA:630,0
DA:638,0
DA:639,0
DA:641,0
LF:207
LH:126
BRDA:44,0,0,22
BRDA:45,1,0,3
BRDA:45,1,1,19
BRDA:45,2,0,22
BRDA:45,2,1,22
BRDA:46,3,0,3
BRDA:46,3,1,0
BRDA:51,4,0,19
BRDA:51,4,1,0
BRDA:52,5,0,0
BRDA:52,5,1,19
BRDA:52,6,0,19
BRDA:52,6,1,19
BRDA:52,6,2,19
BRDA:84,7,0,50
BRDA:84,7,1,100
BRDA:106,8,0,3
BRDA:137,9,0,2
BRDA:172,10,0,5
BRDA:182,11,0,23
BRDA:182,11,1,19
BRDA:193,12,0,1
BRDA:193,12,1,2
BRDA:203,13,0,54
BRDA:203,13,1,51
BRDA:204,14,0,51
BRDA:204,14,1,54
BRDA:210,15,0,35
BRDA:210,15,1,70
BRDA:239,16,0,3
BRDA:240,17,0,3
BRDA:284,18,0,3
BRDA:285,19,0,3
BRDA:286,20,0,3
BRDA:294,21,0,0
BRDA:294,21,1,6
BRDA:313,22,0,150
BRDA:313,22,1,50
BRDA:329,23,0,134
BRDA:329,23,1,66
BRDA:329,24,0,200
BRDA:329,24,1,134
BRDA:334,25,0,134
BRDA:334,25,1,0
BRDA:334,26,0,134
BRDA:334,26,1,134
BRDA:334,26,2,134
BRDA:361,27,0,3
BRDA:408,28,0,1
BRDA:408,28,1,4
BRDA:408,29,0,5
BRDA:408,29,1,5
BRDA:416,30,0,2
BRDA:416,30,1,7
BRDA:418,31,0,0
BRDA:418,31,1,9
BRDA:418,32,0,9
BRDA:418,32,1,9
BRDA:425,33,0,4
BRDA:425,33,1,5
BRDA:434,34,0,0
BRDA:434,34,1,4
BRDA:467,35,0,0
BRDA:467,35,1,0
BRDA:469,36,0,0
BRDA:469,36,1,0
BRDA:493,37,0,0
BRDA:520,38,0,0
BRDA:520,38,1,0
BRDA:520,39,0,0
BRDA:520,39,1,0
BRDA:524,40,0,0
BRDA:524,40,1,0
BRDA:524,41,0,0
BRDA:524,41,1,0
BRDA:556,42,0,0
BRDA:556,42,1,0
BRDA:596,43,0,0
BRDA:596,43,1,0
BRDA:630,44,0,0
BRDA:630,44,1,0
BRF:81
BRH:55
end_of_record
